2025-01-17 14:12:48,097 - INFO - [PdfExtension.py:50] - Début de l'extraction pour le fichier PDF : ../data/AI_G7_2019_FR.pdf
2025-01-17 14:12:48,098 - INFO - [PdfExtension.py:59] - Nombre de pages dans le PDF '../data/AI_G7_2019_FR.pdf' : 5
2025-01-17 14:12:48,118 - INFO - [PdfExtension.py:70] - Texte extrait de la page 0 : Résumé et recommandations
L'intelligence artificielle (IA) est l'une des technologies qui transforme notre société et de nombreux
aspects de notre vie quotidienne. L'IA a déjà procuré de nombreux avan...
2025-01-17 14:12:48,119 - INFO - [PdfExtension.py:81] - Nombre d'images trouvées sur la page 0 : 9
2025-01-17 14:12:48,379 - INFO - [PdfExtension.py:101] - Texte OCR extrait de l'image 0 sur la page 0 : ae Gore = "aa

, apie. = 2

q rege fy i . I
------. ‘>a

* Meet et J 2 AY “MO

be Se ae ee ta oe DS: Yo gt
Ap pr U pp ye 6 4
Lt, pe} y
N. D &
Ds a
...
2025-01-17 14:12:48,440 - INFO - [PdfExtension.py:103] - Aucun texte OCR extrait de l'image 1 sur la page 0.
2025-01-17 14:12:48,494 - INFO - [PdfExtension.py:101] - Texte OCR extrait de l'image 2 sur la page 0 : aa
O
...
2025-01-17 14:12:48,543 - INFO - [PdfExtension.py:103] - Aucun texte OCR extrait de l'image 3 sur la page 0.
2025-01-17 14:12:48,598 - INFO - [PdfExtension.py:101] - Texte OCR extrait de l'image 4 sur la page 0 : tetetatata
...
2025-01-17 14:12:48,646 - INFO - [PdfExtension.py:103] - Aucun texte OCR extrait de l'image 5 sur la page 0.
2025-01-17 14:12:48,694 - INFO - [PdfExtension.py:103] - Aucun texte OCR extrait de l'image 6 sur la page 0.
2025-01-17 14:12:48,747 - INFO - [PdfExtension.py:101] - Texte OCR extrait de l'image 7 sur la page 0 : cae
...
2025-01-17 14:12:48,796 - INFO - [PdfExtension.py:103] - Aucun texte OCR extrait de l'image 8 sur la page 0.
2025-01-17 14:12:48,800 - INFO - [PdfExtension.py:70] - Texte extrait de la page 1 : nLes échanges de talents et la coopération entre la recherche publique et le secteur privé
devraient être encouragés. Ils faciliteraient le déploiement sûr et rapide d'applications dans des
domaines p...
2025-01-17 14:12:48,800 - INFO - [PdfExtension.py:81] - Nombre d'images trouvées sur la page 1 : 0
2025-01-17 14:12:48,803 - INFO - [PdfExtension.py:70] - Texte extrait de la page 2 : 1.1 Prévisions du marché du travail
L'IA pourrait apporter des avantages économiques importants : dans tous les secteurs, les
technologies de l'IA offrent la promesse d'accroître la productivité et de...
2025-01-17 14:12:48,803 - INFO - [PdfExtension.py:81] - Nombre d'images trouvées sur la page 2 : 0
2025-01-17 14:12:48,807 - INFO - [PdfExtension.py:70] - Texte extrait de la page 3 : Dans les domaines où les capacités de l’IA ont dépassé la réglementation actuelle, il pourrait être
nécessaire d'adopter de nouvelles approches de gouvernance qui tiennent compte des questions
éthique...
2025-01-17 14:12:48,807 - INFO - [PdfExtension.py:81] - Nombre d'images trouvées sur la page 3 : 0
2025-01-17 14:12:48,810 - INFO - [PdfExtension.py:70] - Texte extrait de la page 4 : 3. 
Domaines d'application exemplaires et conséquences sociétales
3.1 Applications dans le domaine des soins de santé
L'IA offre des avantages potentiels importants dans les systèmes qui étayent la pr...
2025-01-17 14:12:48,810 - INFO - [PdfExtension.py:81] - Nombre d'images trouvées sur la page 4 : 0
2025-01-17 14:12:48,810 - INFO - [PdfExtension.py:117] - Extraction terminée pour le fichier PDF : ../data/AI_G7_2019_FR.pdf
2025-01-17 14:28:45,092 - INFO - [PdfExtension.py:50] - Début de l'extraction pour le fichier PDF : ../data/AI_G7_2019_FR.pdf
2025-01-17 14:28:45,092 - INFO - [PdfExtension.py:59] - Nombre de pages dans le PDF '../data/AI_G7_2019_FR.pdf' : 5
2025-01-17 14:28:45,114 - INFO - [PdfExtension.py:70] - Texte extrait de la page 0 : Résumé et recommandations
L'intelligence artificielle (IA) est l'une des technologies qui transforme notre société et de nombreux
aspects de notre vie quotidienne. L'IA a déjà procuré de nombreux avan...
2025-01-17 14:28:45,115 - INFO - [PdfExtension.py:81] - Nombre d'images trouvées sur la page 0 : 9
2025-01-17 14:28:45,380 - INFO - [PdfExtension.py:101] - Texte OCR extrait de l'image 0 sur la page 0 : ae Gore = "aa

, apie. = 2

q rege fy i . I
------. ‘>a

* Meet et J 2 AY “MO

be Se ae ee ta oe DS: Yo gt
Ap pr U pp ye 6 4
Lt, pe} y
N. D &
Ds a
...
2025-01-17 14:28:45,441 - INFO - [PdfExtension.py:103] - Aucun texte OCR extrait de l'image 1 sur la page 0.
2025-01-17 14:28:45,495 - INFO - [PdfExtension.py:101] - Texte OCR extrait de l'image 2 sur la page 0 : aa
O
...
2025-01-17 14:28:45,544 - INFO - [PdfExtension.py:103] - Aucun texte OCR extrait de l'image 3 sur la page 0.
2025-01-17 14:28:45,599 - INFO - [PdfExtension.py:101] - Texte OCR extrait de l'image 4 sur la page 0 : tetetatata
...
2025-01-17 14:28:45,646 - INFO - [PdfExtension.py:103] - Aucun texte OCR extrait de l'image 5 sur la page 0.
2025-01-17 14:28:45,695 - INFO - [PdfExtension.py:103] - Aucun texte OCR extrait de l'image 6 sur la page 0.
2025-01-17 14:28:45,748 - INFO - [PdfExtension.py:101] - Texte OCR extrait de l'image 7 sur la page 0 : cae
...
2025-01-17 14:28:45,797 - INFO - [PdfExtension.py:103] - Aucun texte OCR extrait de l'image 8 sur la page 0.
2025-01-17 14:28:45,800 - INFO - [PdfExtension.py:70] - Texte extrait de la page 1 : nLes échanges de talents et la coopération entre la recherche publique et le secteur privé
devraient être encouragés. Ils faciliteraient le déploiement sûr et rapide d'applications dans des
domaines p...
2025-01-17 14:28:45,801 - INFO - [PdfExtension.py:81] - Nombre d'images trouvées sur la page 1 : 0
2025-01-17 14:28:45,804 - INFO - [PdfExtension.py:70] - Texte extrait de la page 2 : 1.1 Prévisions du marché du travail
L'IA pourrait apporter des avantages économiques importants : dans tous les secteurs, les
technologies de l'IA offrent la promesse d'accroître la productivité et de...
2025-01-17 14:28:45,804 - INFO - [PdfExtension.py:81] - Nombre d'images trouvées sur la page 2 : 0
2025-01-17 14:28:45,807 - INFO - [PdfExtension.py:70] - Texte extrait de la page 3 : Dans les domaines où les capacités de l’IA ont dépassé la réglementation actuelle, il pourrait être
nécessaire d'adopter de nouvelles approches de gouvernance qui tiennent compte des questions
éthique...
2025-01-17 14:28:45,807 - INFO - [PdfExtension.py:81] - Nombre d'images trouvées sur la page 3 : 0
2025-01-17 14:28:45,811 - INFO - [PdfExtension.py:70] - Texte extrait de la page 4 : 3. 
Domaines d'application exemplaires et conséquences sociétales
3.1 Applications dans le domaine des soins de santé
L'IA offre des avantages potentiels importants dans les systèmes qui étayent la pr...
2025-01-17 14:28:45,811 - INFO - [PdfExtension.py:81] - Nombre d'images trouvées sur la page 4 : 0
2025-01-17 14:28:45,811 - INFO - [PdfExtension.py:117] - Extraction terminée pour le fichier PDF : ../data/AI_G7_2019_FR.pdf
2025-01-17 14:29:57,142 - INFO - [PdfExtension.py:50] - Début de l'extraction pour le fichier PDF : ../data/AI_G7_2019_FR.pdf
2025-01-17 14:29:57,143 - INFO - [PdfExtension.py:59] - Nombre de pages dans le PDF '../data/AI_G7_2019_FR.pdf' : 5
2025-01-17 14:29:57,164 - INFO - [PdfExtension.py:70] - Texte extrait de la page 0 : Résumé et recommandations
L'intelligence artificielle (IA) est l'une des technologies qui transforme notre société et de nombreux
aspects de notre vie quotidienne. L'IA a déjà procuré de nombreux avan...
2025-01-17 14:29:57,165 - INFO - [PdfExtension.py:81] - Nombre d'images trouvées sur la page 0 : 9
2025-01-17 14:29:57,425 - INFO - [PdfExtension.py:101] - Texte OCR extrait de l'image 0 sur la page 0 : ae Gore = "aa

, apie. = 2

q rege fy i . I
------. ‘>a

* Meet et J 2 AY “MO

be Se ae ee ta oe DS: Yo gt
Ap pr U pp ye 6 4
Lt, pe} y
N. D &
Ds a
...
2025-01-17 14:29:57,485 - INFO - [PdfExtension.py:103] - Aucun texte OCR extrait de l'image 1 sur la page 0.
2025-01-17 14:29:57,539 - INFO - [PdfExtension.py:101] - Texte OCR extrait de l'image 2 sur la page 0 : aa
O
...
2025-01-17 14:29:57,588 - INFO - [PdfExtension.py:103] - Aucun texte OCR extrait de l'image 3 sur la page 0.
2025-01-17 14:29:57,641 - INFO - [PdfExtension.py:101] - Texte OCR extrait de l'image 4 sur la page 0 : tetetatata
...
2025-01-17 14:29:57,689 - INFO - [PdfExtension.py:103] - Aucun texte OCR extrait de l'image 5 sur la page 0.
2025-01-17 14:29:57,737 - INFO - [PdfExtension.py:103] - Aucun texte OCR extrait de l'image 6 sur la page 0.
2025-01-17 14:29:57,790 - INFO - [PdfExtension.py:101] - Texte OCR extrait de l'image 7 sur la page 0 : cae
...
2025-01-17 14:29:57,839 - INFO - [PdfExtension.py:103] - Aucun texte OCR extrait de l'image 8 sur la page 0.
2025-01-17 14:29:57,843 - INFO - [PdfExtension.py:70] - Texte extrait de la page 1 : nLes échanges de talents et la coopération entre la recherche publique et le secteur privé
devraient être encouragés. Ils faciliteraient le déploiement sûr et rapide d'applications dans des
domaines p...
2025-01-17 14:29:57,843 - INFO - [PdfExtension.py:81] - Nombre d'images trouvées sur la page 1 : 0
2025-01-17 14:29:57,846 - INFO - [PdfExtension.py:70] - Texte extrait de la page 2 : 1.1 Prévisions du marché du travail
L'IA pourrait apporter des avantages économiques importants : dans tous les secteurs, les
technologies de l'IA offrent la promesse d'accroître la productivité et de...
2025-01-17 14:29:57,846 - INFO - [PdfExtension.py:81] - Nombre d'images trouvées sur la page 2 : 0
2025-01-17 14:29:57,849 - INFO - [PdfExtension.py:70] - Texte extrait de la page 3 : Dans les domaines où les capacités de l’IA ont dépassé la réglementation actuelle, il pourrait être
nécessaire d'adopter de nouvelles approches de gouvernance qui tiennent compte des questions
éthique...
2025-01-17 14:29:57,849 - INFO - [PdfExtension.py:81] - Nombre d'images trouvées sur la page 3 : 0
2025-01-17 14:29:57,853 - INFO - [PdfExtension.py:70] - Texte extrait de la page 4 : 3. 
Domaines d'application exemplaires et conséquences sociétales
3.1 Applications dans le domaine des soins de santé
L'IA offre des avantages potentiels importants dans les systèmes qui étayent la pr...
2025-01-17 14:29:57,853 - INFO - [PdfExtension.py:81] - Nombre d'images trouvées sur la page 4 : 0
2025-01-17 14:29:57,853 - INFO - [PdfExtension.py:117] - Extraction terminée pour le fichier PDF : ../data/AI_G7_2019_FR.pdf
2025-01-17 14:30:57,192 - INFO - [PdfExtension.py:50] - Début de l'extraction pour le fichier PDF : ../data/AI_G7_2019_FR.pdf
2025-01-17 14:30:57,193 - INFO - [PdfExtension.py:59] - Nombre de pages dans le PDF '../data/AI_G7_2019_FR.pdf' : 5
2025-01-17 14:30:57,214 - INFO - [PdfExtension.py:70] - Texte extrait de la page 0 : Résumé et recommandations
L'intelligence artificielle (IA) est l'une des technologies qui transforme notre société et de nombreux
aspects de notre vie quotidienne. L'IA a déjà procuré de nombreux avan...
2025-01-17 14:30:57,215 - INFO - [PdfExtension.py:81] - Nombre d'images trouvées sur la page 0 : 9
2025-01-17 14:30:57,474 - INFO - [PdfExtension.py:101] - Texte OCR extrait de l'image 0 sur la page 0 : ae Gore = "aa

, apie. = 2

q rege fy i . I
------. ‘>a

* Meet et J 2 AY “MO

be Se ae ee ta oe DS: Yo gt
Ap pr U pp ye 6 4
Lt, pe} y
N. D &
Ds a
...
2025-01-17 14:30:57,536 - INFO - [PdfExtension.py:103] - Aucun texte OCR extrait de l'image 1 sur la page 0.
2025-01-17 14:30:57,591 - INFO - [PdfExtension.py:101] - Texte OCR extrait de l'image 2 sur la page 0 : aa
O
...
2025-01-17 14:30:57,641 - INFO - [PdfExtension.py:103] - Aucun texte OCR extrait de l'image 3 sur la page 0.
2025-01-17 14:30:57,695 - INFO - [PdfExtension.py:101] - Texte OCR extrait de l'image 4 sur la page 0 : tetetatata
...
2025-01-17 14:30:57,742 - INFO - [PdfExtension.py:103] - Aucun texte OCR extrait de l'image 5 sur la page 0.
2025-01-17 14:30:57,790 - INFO - [PdfExtension.py:103] - Aucun texte OCR extrait de l'image 6 sur la page 0.
2025-01-17 14:30:57,843 - INFO - [PdfExtension.py:101] - Texte OCR extrait de l'image 7 sur la page 0 : cae
...
2025-01-17 14:30:57,891 - INFO - [PdfExtension.py:103] - Aucun texte OCR extrait de l'image 8 sur la page 0.
2025-01-17 14:30:57,895 - INFO - [PdfExtension.py:70] - Texte extrait de la page 1 : nLes échanges de talents et la coopération entre la recherche publique et le secteur privé
devraient être encouragés. Ils faciliteraient le déploiement sûr et rapide d'applications dans des
domaines p...
2025-01-17 14:30:57,895 - INFO - [PdfExtension.py:81] - Nombre d'images trouvées sur la page 1 : 0
2025-01-17 14:30:57,899 - INFO - [PdfExtension.py:70] - Texte extrait de la page 2 : 1.1 Prévisions du marché du travail
L'IA pourrait apporter des avantages économiques importants : dans tous les secteurs, les
technologies de l'IA offrent la promesse d'accroître la productivité et de...
2025-01-17 14:30:57,899 - INFO - [PdfExtension.py:81] - Nombre d'images trouvées sur la page 2 : 0
2025-01-17 14:30:57,902 - INFO - [PdfExtension.py:70] - Texte extrait de la page 3 : Dans les domaines où les capacités de l’IA ont dépassé la réglementation actuelle, il pourrait être
nécessaire d'adopter de nouvelles approches de gouvernance qui tiennent compte des questions
éthique...
2025-01-17 14:30:57,902 - INFO - [PdfExtension.py:81] - Nombre d'images trouvées sur la page 3 : 0
2025-01-17 14:30:57,905 - INFO - [PdfExtension.py:70] - Texte extrait de la page 4 : 3. 
Domaines d'application exemplaires et conséquences sociétales
3.1 Applications dans le domaine des soins de santé
L'IA offre des avantages potentiels importants dans les systèmes qui étayent la pr...
2025-01-17 14:30:57,905 - INFO - [PdfExtension.py:81] - Nombre d'images trouvées sur la page 4 : 0
2025-01-17 14:30:57,906 - INFO - [PdfExtension.py:117] - Extraction terminée pour le fichier PDF : ../data/AI_G7_2019_FR.pdf
2025-01-17 14:34:11,021 - INFO - [PdfExtension.py:50] - Début de l'extraction pour le fichier PDF : ../data/AI_G7_2019_FR.pdf
2025-01-17 14:34:11,022 - INFO - [PdfExtension.py:59] - Nombre de pages dans le PDF '../data/AI_G7_2019_FR.pdf' : 5
2025-01-17 14:34:11,043 - INFO - [PdfExtension.py:70] - Texte extrait de la page 0 : Résumé et recommandations
L'intelligence artificielle (IA) est l'une des technologies qui transforme notre société et de nombreux
aspects de notre vie quotidienne. L'IA a déjà procuré de nombreux avan...
2025-01-17 14:34:11,043 - INFO - [PdfExtension.py:81] - Nombre d'images trouvées sur la page 0 : 9
2025-01-17 14:34:11,303 - INFO - [PdfExtension.py:101] - Texte OCR extrait de l'image 0 sur la page 0 : ae Gore = "aa

, apie. = 2

q rege fy i . I
------. ‘>a

* Meet et J 2 AY “MO

be Se ae ee ta oe DS: Yo gt
Ap pr U pp ye 6 4
Lt, pe} y
N. D &
Ds a
...
2025-01-17 14:34:11,364 - INFO - [PdfExtension.py:103] - Aucun texte OCR extrait de l'image 1 sur la page 0.
2025-01-17 14:34:11,418 - INFO - [PdfExtension.py:101] - Texte OCR extrait de l'image 2 sur la page 0 : aa
O
...
2025-01-17 14:34:11,468 - INFO - [PdfExtension.py:103] - Aucun texte OCR extrait de l'image 3 sur la page 0.
2025-01-17 14:34:11,522 - INFO - [PdfExtension.py:101] - Texte OCR extrait de l'image 4 sur la page 0 : tetetatata
...
2025-01-17 14:34:11,570 - INFO - [PdfExtension.py:103] - Aucun texte OCR extrait de l'image 5 sur la page 0.
2025-01-17 14:34:11,617 - INFO - [PdfExtension.py:103] - Aucun texte OCR extrait de l'image 6 sur la page 0.
2025-01-17 14:34:11,671 - INFO - [PdfExtension.py:101] - Texte OCR extrait de l'image 7 sur la page 0 : cae
...
2025-01-17 14:34:11,720 - INFO - [PdfExtension.py:103] - Aucun texte OCR extrait de l'image 8 sur la page 0.
2025-01-17 14:34:11,723 - INFO - [PdfExtension.py:70] - Texte extrait de la page 1 : nLes échanges de talents et la coopération entre la recherche publique et le secteur privé
devraient être encouragés. Ils faciliteraient le déploiement sûr et rapide d'applications dans des
domaines p...
2025-01-17 14:34:11,724 - INFO - [PdfExtension.py:81] - Nombre d'images trouvées sur la page 1 : 0
2025-01-17 14:34:11,727 - INFO - [PdfExtension.py:70] - Texte extrait de la page 2 : 1.1 Prévisions du marché du travail
L'IA pourrait apporter des avantages économiques importants : dans tous les secteurs, les
technologies de l'IA offrent la promesse d'accroître la productivité et de...
2025-01-17 14:34:11,727 - INFO - [PdfExtension.py:81] - Nombre d'images trouvées sur la page 2 : 0
2025-01-17 14:34:11,730 - INFO - [PdfExtension.py:70] - Texte extrait de la page 3 : Dans les domaines où les capacités de l’IA ont dépassé la réglementation actuelle, il pourrait être
nécessaire d'adopter de nouvelles approches de gouvernance qui tiennent compte des questions
éthique...
2025-01-17 14:34:11,730 - INFO - [PdfExtension.py:81] - Nombre d'images trouvées sur la page 3 : 0
2025-01-17 14:34:11,734 - INFO - [PdfExtension.py:70] - Texte extrait de la page 4 : 3. 
Domaines d'application exemplaires et conséquences sociétales
3.1 Applications dans le domaine des soins de santé
L'IA offre des avantages potentiels importants dans les systèmes qui étayent la pr...
2025-01-17 14:34:11,734 - INFO - [PdfExtension.py:81] - Nombre d'images trouvées sur la page 4 : 0
2025-01-17 14:34:11,734 - INFO - [PdfExtension.py:117] - Extraction terminée pour le fichier PDF : ../data/AI_G7_2019_FR.pdf
2025-01-17 14:46:21,427 - INFO - [PdfExtension.py:50] - Début de l'extraction pour le fichier PDF : ../data/AI_G7_2019_FR.pdf
2025-01-17 14:46:21,428 - INFO - [PdfExtension.py:59] - Nombre de pages dans le PDF '../data/AI_G7_2019_FR.pdf' : 5
2025-01-17 14:46:21,450 - INFO - [PdfExtension.py:70] - Texte extrait de la page 0 : Résumé et recommandations
L'intelligence artificielle (IA) est l'une des technologies qui transforme notre société et de nombreux
aspects de notre vie quotidienne. L'IA a déjà procuré de nombreux avan...
2025-01-17 14:46:21,450 - INFO - [PdfExtension.py:81] - Nombre d'images trouvées sur la page 0 : 9
2025-01-17 14:46:21,710 - INFO - [PdfExtension.py:101] - Texte OCR extrait de l'image 0 sur la page 0 : ae Gore = "aa

, apie. = 2

q rege fy i . I
------. ‘>a

* Meet et J 2 AY “MO

be Se ae ee ta oe DS: Yo gt
Ap pr U pp ye 6 4
Lt, pe} y
N. D &
Ds a
...
2025-01-17 14:46:21,769 - INFO - [PdfExtension.py:103] - Aucun texte OCR extrait de l'image 1 sur la page 0.
2025-01-17 14:46:21,822 - INFO - [PdfExtension.py:101] - Texte OCR extrait de l'image 2 sur la page 0 : aa
O
...
2025-01-17 14:46:21,871 - INFO - [PdfExtension.py:103] - Aucun texte OCR extrait de l'image 3 sur la page 0.
2025-01-17 14:46:21,927 - INFO - [PdfExtension.py:101] - Texte OCR extrait de l'image 4 sur la page 0 : tetetatata
...
2025-01-17 14:46:21,978 - INFO - [PdfExtension.py:103] - Aucun texte OCR extrait de l'image 5 sur la page 0.
2025-01-17 14:46:22,026 - INFO - [PdfExtension.py:103] - Aucun texte OCR extrait de l'image 6 sur la page 0.
2025-01-17 14:46:22,080 - INFO - [PdfExtension.py:101] - Texte OCR extrait de l'image 7 sur la page 0 : cae
...
2025-01-17 14:46:22,128 - INFO - [PdfExtension.py:103] - Aucun texte OCR extrait de l'image 8 sur la page 0.
2025-01-17 14:46:22,132 - INFO - [PdfExtension.py:70] - Texte extrait de la page 1 : nLes échanges de talents et la coopération entre la recherche publique et le secteur privé
devraient être encouragés. Ils faciliteraient le déploiement sûr et rapide d'applications dans des
domaines p...
2025-01-17 14:46:22,132 - INFO - [PdfExtension.py:81] - Nombre d'images trouvées sur la page 1 : 0
2025-01-17 14:46:22,135 - INFO - [PdfExtension.py:70] - Texte extrait de la page 2 : 1.1 Prévisions du marché du travail
L'IA pourrait apporter des avantages économiques importants : dans tous les secteurs, les
technologies de l'IA offrent la promesse d'accroître la productivité et de...
2025-01-17 14:46:22,135 - INFO - [PdfExtension.py:81] - Nombre d'images trouvées sur la page 2 : 0
2025-01-17 14:46:22,138 - INFO - [PdfExtension.py:70] - Texte extrait de la page 3 : Dans les domaines où les capacités de l’IA ont dépassé la réglementation actuelle, il pourrait être
nécessaire d'adopter de nouvelles approches de gouvernance qui tiennent compte des questions
éthique...
2025-01-17 14:46:22,138 - INFO - [PdfExtension.py:81] - Nombre d'images trouvées sur la page 3 : 0
2025-01-17 14:46:22,142 - INFO - [PdfExtension.py:70] - Texte extrait de la page 4 : 3. 
Domaines d'application exemplaires et conséquences sociétales
3.1 Applications dans le domaine des soins de santé
L'IA offre des avantages potentiels importants dans les systèmes qui étayent la pr...
2025-01-17 14:46:22,142 - INFO - [PdfExtension.py:81] - Nombre d'images trouvées sur la page 4 : 0
2025-01-17 14:46:22,142 - INFO - [PdfExtension.py:117] - Extraction terminée pour le fichier PDF : ../data/AI_G7_2019_FR.pdf
2025-01-17 14:51:44,867 - INFO - [PdfExtension.py:50] - Début de l'extraction pour le fichier PDF : ../data/AI_G7_2019_FR.pdf
2025-01-17 14:51:44,867 - INFO - [PdfExtension.py:59] - Nombre de pages dans le PDF '../data/AI_G7_2019_FR.pdf' : 5
2025-01-17 14:51:44,888 - INFO - [PdfExtension.py:70] - Texte extrait de la page 0 : Résumé et recommandations
L'intelligence artificielle (IA) est l'une des technologies qui transforme notre société et de nombreux
aspects de notre vie quotidienne. L'IA a déjà procuré de nombreux avan...
2025-01-17 14:51:44,889 - INFO - [PdfExtension.py:81] - Nombre d'images trouvées sur la page 0 : 9
2025-01-17 14:51:45,151 - INFO - [PdfExtension.py:101] - Texte OCR extrait de l'image 0 sur la page 0 : ae Gore = "aa

, apie. = 2

q rege fy i . I
------. ‘>a

* Meet et J 2 AY “MO

be Se ae ee ta oe DS: Yo gt
Ap pr U pp ye 6 4
Lt, pe} y
N. D &
Ds a
...
2025-01-17 14:51:45,210 - INFO - [PdfExtension.py:103] - Aucun texte OCR extrait de l'image 1 sur la page 0.
2025-01-17 14:51:45,264 - INFO - [PdfExtension.py:101] - Texte OCR extrait de l'image 2 sur la page 0 : aa
O
...
2025-01-17 14:51:45,313 - INFO - [PdfExtension.py:103] - Aucun texte OCR extrait de l'image 3 sur la page 0.
2025-01-17 14:51:45,367 - INFO - [PdfExtension.py:101] - Texte OCR extrait de l'image 4 sur la page 0 : tetetatata
...
2025-01-17 14:51:45,415 - INFO - [PdfExtension.py:103] - Aucun texte OCR extrait de l'image 5 sur la page 0.
2025-01-17 14:51:45,464 - INFO - [PdfExtension.py:103] - Aucun texte OCR extrait de l'image 6 sur la page 0.
2025-01-17 14:51:45,517 - INFO - [PdfExtension.py:101] - Texte OCR extrait de l'image 7 sur la page 0 : cae
...
2025-01-17 14:51:45,566 - INFO - [PdfExtension.py:103] - Aucun texte OCR extrait de l'image 8 sur la page 0.
2025-01-17 14:51:45,570 - INFO - [PdfExtension.py:70] - Texte extrait de la page 1 : nLes échanges de talents et la coopération entre la recherche publique et le secteur privé
devraient être encouragés. Ils faciliteraient le déploiement sûr et rapide d'applications dans des
domaines p...
2025-01-17 14:51:45,570 - INFO - [PdfExtension.py:81] - Nombre d'images trouvées sur la page 1 : 0
2025-01-17 14:51:45,573 - INFO - [PdfExtension.py:70] - Texte extrait de la page 2 : 1.1 Prévisions du marché du travail
L'IA pourrait apporter des avantages économiques importants : dans tous les secteurs, les
technologies de l'IA offrent la promesse d'accroître la productivité et de...
2025-01-17 14:51:45,573 - INFO - [PdfExtension.py:81] - Nombre d'images trouvées sur la page 2 : 0
2025-01-17 14:51:45,576 - INFO - [PdfExtension.py:70] - Texte extrait de la page 3 : Dans les domaines où les capacités de l’IA ont dépassé la réglementation actuelle, il pourrait être
nécessaire d'adopter de nouvelles approches de gouvernance qui tiennent compte des questions
éthique...
2025-01-17 14:51:45,576 - INFO - [PdfExtension.py:81] - Nombre d'images trouvées sur la page 3 : 0
2025-01-17 14:51:45,579 - INFO - [PdfExtension.py:70] - Texte extrait de la page 4 : 3. 
Domaines d'application exemplaires et conséquences sociétales
3.1 Applications dans le domaine des soins de santé
L'IA offre des avantages potentiels importants dans les systèmes qui étayent la pr...
2025-01-17 14:51:45,579 - INFO - [PdfExtension.py:81] - Nombre d'images trouvées sur la page 4 : 0
2025-01-17 14:51:45,580 - INFO - [PdfExtension.py:117] - Extraction terminée pour le fichier PDF : ../data/AI_G7_2019_FR.pdf
2025-01-17 14:52:43,106 - INFO - [PdfExtension.py:50] - Début de l'extraction pour le fichier PDF : ../data/AI_G7_2019_FR.pdf
2025-01-17 14:52:43,107 - INFO - [PdfExtension.py:59] - Nombre de pages dans le PDF '../data/AI_G7_2019_FR.pdf' : 5
2025-01-17 14:52:43,129 - INFO - [PdfExtension.py:70] - Texte extrait de la page 0 : Résumé et recommandations
L'intelligence artificielle (IA) est l'une des technologies qui transforme notre société et de nombreux
aspects de notre vie quotidienne. L'IA a déjà procuré de nombreux avan...
2025-01-17 14:52:43,129 - INFO - [PdfExtension.py:81] - Nombre d'images trouvées sur la page 0 : 9
2025-01-17 14:52:43,388 - INFO - [PdfExtension.py:101] - Texte OCR extrait de l'image 0 sur la page 0 : ae Gore = "aa

, apie. = 2

q rege fy i . I
------. ‘>a

* Meet et J 2 AY “MO

be Se ae ee ta oe DS: Yo gt
Ap pr U pp ye 6 4
Lt, pe} y
N. D &
Ds a
...
2025-01-17 14:52:43,446 - INFO - [PdfExtension.py:103] - Aucun texte OCR extrait de l'image 1 sur la page 0.
2025-01-17 14:52:43,499 - INFO - [PdfExtension.py:101] - Texte OCR extrait de l'image 2 sur la page 0 : aa
O
...
2025-01-17 14:52:43,548 - INFO - [PdfExtension.py:103] - Aucun texte OCR extrait de l'image 3 sur la page 0.
2025-01-17 14:52:43,602 - INFO - [PdfExtension.py:101] - Texte OCR extrait de l'image 4 sur la page 0 : tetetatata
...
2025-01-17 14:52:43,650 - INFO - [PdfExtension.py:103] - Aucun texte OCR extrait de l'image 5 sur la page 0.
2025-01-17 14:52:43,698 - INFO - [PdfExtension.py:103] - Aucun texte OCR extrait de l'image 6 sur la page 0.
2025-01-17 14:52:43,751 - INFO - [PdfExtension.py:101] - Texte OCR extrait de l'image 7 sur la page 0 : cae
...
2025-01-17 14:52:43,799 - INFO - [PdfExtension.py:103] - Aucun texte OCR extrait de l'image 8 sur la page 0.
2025-01-17 14:52:43,802 - INFO - [PdfExtension.py:70] - Texte extrait de la page 1 : nLes échanges de talents et la coopération entre la recherche publique et le secteur privé
devraient être encouragés. Ils faciliteraient le déploiement sûr et rapide d'applications dans des
domaines p...
2025-01-17 14:52:43,802 - INFO - [PdfExtension.py:81] - Nombre d'images trouvées sur la page 1 : 0
2025-01-17 14:52:43,806 - INFO - [PdfExtension.py:70] - Texte extrait de la page 2 : 1.1 Prévisions du marché du travail
L'IA pourrait apporter des avantages économiques importants : dans tous les secteurs, les
technologies de l'IA offrent la promesse d'accroître la productivité et de...
2025-01-17 14:52:43,806 - INFO - [PdfExtension.py:81] - Nombre d'images trouvées sur la page 2 : 0
2025-01-17 14:52:43,809 - INFO - [PdfExtension.py:70] - Texte extrait de la page 3 : Dans les domaines où les capacités de l’IA ont dépassé la réglementation actuelle, il pourrait être
nécessaire d'adopter de nouvelles approches de gouvernance qui tiennent compte des questions
éthique...
2025-01-17 14:52:43,809 - INFO - [PdfExtension.py:81] - Nombre d'images trouvées sur la page 3 : 0
2025-01-17 14:52:43,812 - INFO - [PdfExtension.py:70] - Texte extrait de la page 4 : 3. 
Domaines d'application exemplaires et conséquences sociétales
3.1 Applications dans le domaine des soins de santé
L'IA offre des avantages potentiels importants dans les systèmes qui étayent la pr...
2025-01-17 14:52:43,812 - INFO - [PdfExtension.py:81] - Nombre d'images trouvées sur la page 4 : 0
2025-01-17 14:52:43,813 - INFO - [PdfExtension.py:117] - Extraction terminée pour le fichier PDF : ../data/AI_G7_2019_FR.pdf
2025-01-17 14:53:07,452 - INFO - [PdfExtension.py:50] - Début de l'extraction pour le fichier PDF : ../data/AI_G7_2019_FR.pdf
2025-01-17 14:53:07,453 - INFO - [PdfExtension.py:59] - Nombre de pages dans le PDF '../data/AI_G7_2019_FR.pdf' : 5
2025-01-17 14:53:07,474 - INFO - [PdfExtension.py:70] - Texte extrait de la page 0 : Résumé et recommandations
L'intelligence artificielle (IA) est l'une des technologies qui transforme notre société et de nombreux
aspects de notre vie quotidienne. L'IA a déjà procuré de nombreux avan...
2025-01-17 14:53:07,474 - INFO - [PdfExtension.py:81] - Nombre d'images trouvées sur la page 0 : 9
2025-01-17 14:53:07,734 - INFO - [PdfExtension.py:101] - Texte OCR extrait de l'image 0 sur la page 0 : ae Gore = "aa

, apie. = 2

q rege fy i . I
------. ‘>a

* Meet et J 2 AY “MO

be Se ae ee ta oe DS: Yo gt
Ap pr U pp ye 6 4
Lt, pe} y
N. D &
Ds a
...
2025-01-17 14:53:07,793 - INFO - [PdfExtension.py:103] - Aucun texte OCR extrait de l'image 1 sur la page 0.
2025-01-17 14:53:07,846 - INFO - [PdfExtension.py:101] - Texte OCR extrait de l'image 2 sur la page 0 : aa
O
...
2025-01-17 14:53:07,895 - INFO - [PdfExtension.py:103] - Aucun texte OCR extrait de l'image 3 sur la page 0.
2025-01-17 14:53:07,949 - INFO - [PdfExtension.py:101] - Texte OCR extrait de l'image 4 sur la page 0 : tetetatata
...
2025-01-17 14:53:07,997 - INFO - [PdfExtension.py:103] - Aucun texte OCR extrait de l'image 5 sur la page 0.
2025-01-17 14:53:08,045 - INFO - [PdfExtension.py:103] - Aucun texte OCR extrait de l'image 6 sur la page 0.
2025-01-17 14:53:08,098 - INFO - [PdfExtension.py:101] - Texte OCR extrait de l'image 7 sur la page 0 : cae
...
2025-01-17 14:53:08,145 - INFO - [PdfExtension.py:103] - Aucun texte OCR extrait de l'image 8 sur la page 0.
2025-01-17 14:53:08,149 - INFO - [PdfExtension.py:70] - Texte extrait de la page 1 : nLes échanges de talents et la coopération entre la recherche publique et le secteur privé
devraient être encouragés. Ils faciliteraient le déploiement sûr et rapide d'applications dans des
domaines p...
2025-01-17 14:53:08,149 - INFO - [PdfExtension.py:81] - Nombre d'images trouvées sur la page 1 : 0
2025-01-17 14:53:08,153 - INFO - [PdfExtension.py:70] - Texte extrait de la page 2 : 1.1 Prévisions du marché du travail
L'IA pourrait apporter des avantages économiques importants : dans tous les secteurs, les
technologies de l'IA offrent la promesse d'accroître la productivité et de...
2025-01-17 14:53:08,153 - INFO - [PdfExtension.py:81] - Nombre d'images trouvées sur la page 2 : 0
2025-01-17 14:53:08,156 - INFO - [PdfExtension.py:70] - Texte extrait de la page 3 : Dans les domaines où les capacités de l’IA ont dépassé la réglementation actuelle, il pourrait être
nécessaire d'adopter de nouvelles approches de gouvernance qui tiennent compte des questions
éthique...
2025-01-17 14:53:08,156 - INFO - [PdfExtension.py:81] - Nombre d'images trouvées sur la page 3 : 0
2025-01-17 14:53:08,159 - INFO - [PdfExtension.py:70] - Texte extrait de la page 4 : 3. 
Domaines d'application exemplaires et conséquences sociétales
3.1 Applications dans le domaine des soins de santé
L'IA offre des avantages potentiels importants dans les systèmes qui étayent la pr...
2025-01-17 14:53:08,159 - INFO - [PdfExtension.py:81] - Nombre d'images trouvées sur la page 4 : 0
2025-01-17 14:53:08,159 - INFO - [PdfExtension.py:117] - Extraction terminée pour le fichier PDF : ../data/AI_G7_2019_FR.pdf
2025-01-17 14:54:12,628 - INFO - [PdfExtension.py:50] - Début de l'extraction pour le fichier PDF : ../data/AI_G7_2019_FR.pdf
2025-01-17 14:54:12,629 - INFO - [PdfExtension.py:59] - Nombre de pages dans le PDF '../data/AI_G7_2019_FR.pdf' : 5
2025-01-17 14:54:12,650 - INFO - [PdfExtension.py:70] - Texte extrait de la page 0 : Résumé et recommandations
L'intelligence artificielle (IA) est l'une des technologies qui transforme notre société et de nombreux
aspects de notre vie quotidienne. L'IA a déjà procuré de nombreux avan...
2025-01-17 14:54:12,651 - INFO - [PdfExtension.py:81] - Nombre d'images trouvées sur la page 0 : 9
2025-01-17 14:54:12,911 - INFO - [PdfExtension.py:101] - Texte OCR extrait de l'image 0 sur la page 0 : ae Gore = "aa

, apie. = 2

q rege fy i . I
------. ‘>a

* Meet et J 2 AY “MO

be Se ae ee ta oe DS: Yo gt
Ap pr U pp ye 6 4
Lt, pe} y
N. D &
Ds a
...
2025-01-17 14:54:12,969 - INFO - [PdfExtension.py:103] - Aucun texte OCR extrait de l'image 1 sur la page 0.
2025-01-17 14:54:13,023 - INFO - [PdfExtension.py:101] - Texte OCR extrait de l'image 2 sur la page 0 : aa
O
...
2025-01-17 14:54:13,072 - INFO - [PdfExtension.py:103] - Aucun texte OCR extrait de l'image 3 sur la page 0.
2025-01-17 14:54:13,127 - INFO - [PdfExtension.py:101] - Texte OCR extrait de l'image 4 sur la page 0 : tetetatata
...
2025-01-17 14:54:13,174 - INFO - [PdfExtension.py:103] - Aucun texte OCR extrait de l'image 5 sur la page 0.
2025-01-17 14:54:13,222 - INFO - [PdfExtension.py:103] - Aucun texte OCR extrait de l'image 6 sur la page 0.
2025-01-17 14:54:13,275 - INFO - [PdfExtension.py:101] - Texte OCR extrait de l'image 7 sur la page 0 : cae
...
2025-01-17 14:54:13,323 - INFO - [PdfExtension.py:103] - Aucun texte OCR extrait de l'image 8 sur la page 0.
2025-01-17 14:54:13,327 - INFO - [PdfExtension.py:70] - Texte extrait de la page 1 : nLes échanges de talents et la coopération entre la recherche publique et le secteur privé
devraient être encouragés. Ils faciliteraient le déploiement sûr et rapide d'applications dans des
domaines p...
2025-01-17 14:54:13,327 - INFO - [PdfExtension.py:81] - Nombre d'images trouvées sur la page 1 : 0
2025-01-17 14:54:13,330 - INFO - [PdfExtension.py:70] - Texte extrait de la page 2 : 1.1 Prévisions du marché du travail
L'IA pourrait apporter des avantages économiques importants : dans tous les secteurs, les
technologies de l'IA offrent la promesse d'accroître la productivité et de...
2025-01-17 14:54:13,330 - INFO - [PdfExtension.py:81] - Nombre d'images trouvées sur la page 2 : 0
2025-01-17 14:54:13,333 - INFO - [PdfExtension.py:70] - Texte extrait de la page 3 : Dans les domaines où les capacités de l’IA ont dépassé la réglementation actuelle, il pourrait être
nécessaire d'adopter de nouvelles approches de gouvernance qui tiennent compte des questions
éthique...
2025-01-17 14:54:13,333 - INFO - [PdfExtension.py:81] - Nombre d'images trouvées sur la page 3 : 0
2025-01-17 14:54:13,336 - INFO - [PdfExtension.py:70] - Texte extrait de la page 4 : 3. 
Domaines d'application exemplaires et conséquences sociétales
3.1 Applications dans le domaine des soins de santé
L'IA offre des avantages potentiels importants dans les systèmes qui étayent la pr...
2025-01-17 14:54:13,336 - INFO - [PdfExtension.py:81] - Nombre d'images trouvées sur la page 4 : 0
2025-01-17 14:54:13,337 - INFO - [PdfExtension.py:117] - Extraction terminée pour le fichier PDF : ../data/AI_G7_2019_FR.pdf
2025-01-17 14:56:14,144 - INFO - [PdfExtension.py:50] - Début de l'extraction pour le fichier PDF : ../data/AI_G7_2019_FR.pdf
2025-01-17 14:56:14,145 - INFO - [PdfExtension.py:59] - Nombre de pages dans le PDF '../data/AI_G7_2019_FR.pdf' : 5
2025-01-17 14:56:14,166 - INFO - [PdfExtension.py:70] - Texte extrait de la page 0 : Résumé et recommandations
L'intelligence artificielle (IA) est l'une des technologies qui transforme notre société et de nombreux
aspects de notre vie quotidienne. L'IA a déjà procuré de nombreux avan...
2025-01-17 14:56:14,166 - INFO - [PdfExtension.py:81] - Nombre d'images trouvées sur la page 0 : 9
2025-01-17 14:56:14,428 - INFO - [PdfExtension.py:101] - Texte OCR extrait de l'image 0 sur la page 0 : ae Gore = "aa

, apie. = 2

q rege fy i . I
------. ‘>a

* Meet et J 2 AY “MO

be Se ae ee ta oe DS: Yo gt
Ap pr U pp ye 6 4
Lt, pe} y
N. D &
Ds a
...
2025-01-17 14:56:14,489 - INFO - [PdfExtension.py:103] - Aucun texte OCR extrait de l'image 1 sur la page 0.
2025-01-17 14:56:14,543 - INFO - [PdfExtension.py:101] - Texte OCR extrait de l'image 2 sur la page 0 : aa
O
...
2025-01-17 14:56:14,592 - INFO - [PdfExtension.py:103] - Aucun texte OCR extrait de l'image 3 sur la page 0.
2025-01-17 14:56:14,647 - INFO - [PdfExtension.py:101] - Texte OCR extrait de l'image 4 sur la page 0 : tetetatata
...
2025-01-17 14:56:14,695 - INFO - [PdfExtension.py:103] - Aucun texte OCR extrait de l'image 5 sur la page 0.
2025-01-17 14:56:14,743 - INFO - [PdfExtension.py:103] - Aucun texte OCR extrait de l'image 6 sur la page 0.
2025-01-17 14:56:14,796 - INFO - [PdfExtension.py:101] - Texte OCR extrait de l'image 7 sur la page 0 : cae
...
2025-01-17 14:56:14,844 - INFO - [PdfExtension.py:103] - Aucun texte OCR extrait de l'image 8 sur la page 0.
2025-01-17 14:56:14,848 - INFO - [PdfExtension.py:70] - Texte extrait de la page 1 : nLes échanges de talents et la coopération entre la recherche publique et le secteur privé
devraient être encouragés. Ils faciliteraient le déploiement sûr et rapide d'applications dans des
domaines p...
2025-01-17 14:56:14,848 - INFO - [PdfExtension.py:81] - Nombre d'images trouvées sur la page 1 : 0
2025-01-17 14:56:14,852 - INFO - [PdfExtension.py:70] - Texte extrait de la page 2 : 1.1 Prévisions du marché du travail
L'IA pourrait apporter des avantages économiques importants : dans tous les secteurs, les
technologies de l'IA offrent la promesse d'accroître la productivité et de...
2025-01-17 14:56:14,852 - INFO - [PdfExtension.py:81] - Nombre d'images trouvées sur la page 2 : 0
2025-01-17 14:56:14,855 - INFO - [PdfExtension.py:70] - Texte extrait de la page 3 : Dans les domaines où les capacités de l’IA ont dépassé la réglementation actuelle, il pourrait être
nécessaire d'adopter de nouvelles approches de gouvernance qui tiennent compte des questions
éthique...
2025-01-17 14:56:14,855 - INFO - [PdfExtension.py:81] - Nombre d'images trouvées sur la page 3 : 0
2025-01-17 14:56:14,858 - INFO - [PdfExtension.py:70] - Texte extrait de la page 4 : 3. 
Domaines d'application exemplaires et conséquences sociétales
3.1 Applications dans le domaine des soins de santé
L'IA offre des avantages potentiels importants dans les systèmes qui étayent la pr...
2025-01-17 14:56:14,858 - INFO - [PdfExtension.py:81] - Nombre d'images trouvées sur la page 4 : 0
2025-01-17 14:56:14,858 - INFO - [PdfExtension.py:117] - Extraction terminée pour le fichier PDF : ../data/AI_G7_2019_FR.pdf
2025-01-17 15:01:24,388 - INFO - [PdfExtension.py:50] - Début de l'extraction pour le fichier PDF : ../data/AI_G7_2019_FR.pdf
2025-01-17 15:01:24,389 - INFO - [PdfExtension.py:59] - Nombre de pages dans le PDF '../data/AI_G7_2019_FR.pdf' : 5
2025-01-17 15:01:24,408 - INFO - [PdfExtension.py:70] - Texte extrait de la page 0 : Résumé et recommandations
L'intelligence artificielle (IA) est l'une des technologies qui transforme notre société et de nombreux
aspects de notre vie quotidienne. L'IA a déjà procuré de nombreux avan...
2025-01-17 15:01:24,409 - INFO - [PdfExtension.py:81] - Nombre d'images trouvées sur la page 0 : 9
2025-01-17 15:01:24,668 - INFO - [PdfExtension.py:101] - Texte OCR extrait de l'image 0 sur la page 0 : ae Gore = "aa

, apie. = 2

q rege fy i . I
------. ‘>a

* Meet et J 2 AY “MO

be Se ae ee ta oe DS: Yo gt
Ap pr U pp ye 6 4
Lt, pe} y
N. D &
Ds a
...
2025-01-17 15:01:24,727 - INFO - [PdfExtension.py:103] - Aucun texte OCR extrait de l'image 1 sur la page 0.
2025-01-17 15:01:24,780 - INFO - [PdfExtension.py:101] - Texte OCR extrait de l'image 2 sur la page 0 : aa
O
...
2025-01-17 15:01:24,830 - INFO - [PdfExtension.py:103] - Aucun texte OCR extrait de l'image 3 sur la page 0.
2025-01-17 15:01:24,884 - INFO - [PdfExtension.py:101] - Texte OCR extrait de l'image 4 sur la page 0 : tetetatata
...
2025-01-17 15:01:24,932 - INFO - [PdfExtension.py:103] - Aucun texte OCR extrait de l'image 5 sur la page 0.
2025-01-17 15:01:24,980 - INFO - [PdfExtension.py:103] - Aucun texte OCR extrait de l'image 6 sur la page 0.
2025-01-17 15:01:25,034 - INFO - [PdfExtension.py:101] - Texte OCR extrait de l'image 7 sur la page 0 : cae
...
2025-01-17 15:01:25,082 - INFO - [PdfExtension.py:103] - Aucun texte OCR extrait de l'image 8 sur la page 0.
2025-01-17 15:01:25,085 - INFO - [PdfExtension.py:70] - Texte extrait de la page 1 : nLes échanges de talents et la coopération entre la recherche publique et le secteur privé
devraient être encouragés. Ils faciliteraient le déploiement sûr et rapide d'applications dans des
domaines p...
2025-01-17 15:01:25,085 - INFO - [PdfExtension.py:81] - Nombre d'images trouvées sur la page 1 : 0
2025-01-17 15:01:25,089 - INFO - [PdfExtension.py:70] - Texte extrait de la page 2 : 1.1 Prévisions du marché du travail
L'IA pourrait apporter des avantages économiques importants : dans tous les secteurs, les
technologies de l'IA offrent la promesse d'accroître la productivité et de...
2025-01-17 15:01:25,089 - INFO - [PdfExtension.py:81] - Nombre d'images trouvées sur la page 2 : 0
2025-01-17 15:01:25,092 - INFO - [PdfExtension.py:70] - Texte extrait de la page 3 : Dans les domaines où les capacités de l’IA ont dépassé la réglementation actuelle, il pourrait être
nécessaire d'adopter de nouvelles approches de gouvernance qui tiennent compte des questions
éthique...
2025-01-17 15:01:25,092 - INFO - [PdfExtension.py:81] - Nombre d'images trouvées sur la page 3 : 0
2025-01-17 15:01:25,095 - INFO - [PdfExtension.py:70] - Texte extrait de la page 4 : 3. 
Domaines d'application exemplaires et conséquences sociétales
3.1 Applications dans le domaine des soins de santé
L'IA offre des avantages potentiels importants dans les systèmes qui étayent la pr...
2025-01-17 15:01:25,095 - INFO - [PdfExtension.py:81] - Nombre d'images trouvées sur la page 4 : 0
2025-01-17 15:01:25,095 - INFO - [PdfExtension.py:117] - Extraction terminée pour le fichier PDF : ../data/AI_G7_2019_FR.pdf
2025-01-17 15:01:43,242 - INFO - [PdfExtension.py:50] - Début de l'extraction pour le fichier PDF : ../data/AI_G7_2019_FR.pdf
2025-01-17 15:01:43,243 - INFO - [PdfExtension.py:59] - Nombre de pages dans le PDF '../data/AI_G7_2019_FR.pdf' : 5
2025-01-17 15:01:43,263 - INFO - [PdfExtension.py:70] - Texte extrait de la page 0 : Résumé et recommandations
L'intelligence artificielle (IA) est l'une des technologies qui transforme notre société et de nombreux
aspects de notre vie quotidienne. L'IA a déjà procuré de nombreux avan...
2025-01-17 15:01:43,264 - INFO - [PdfExtension.py:81] - Nombre d'images trouvées sur la page 0 : 9
2025-01-17 15:01:43,524 - INFO - [PdfExtension.py:101] - Texte OCR extrait de l'image 0 sur la page 0 : ae Gore = "aa

, apie. = 2

q rege fy i . I
------. ‘>a

* Meet et J 2 AY “MO

be Se ae ee ta oe DS: Yo gt
Ap pr U pp ye 6 4
Lt, pe} y
N. D &
Ds a
...
2025-01-17 15:01:43,583 - INFO - [PdfExtension.py:103] - Aucun texte OCR extrait de l'image 1 sur la page 0.
2025-01-17 15:01:43,636 - INFO - [PdfExtension.py:101] - Texte OCR extrait de l'image 2 sur la page 0 : aa
O
...
2025-01-17 15:01:43,685 - INFO - [PdfExtension.py:103] - Aucun texte OCR extrait de l'image 3 sur la page 0.
2025-01-17 15:01:43,739 - INFO - [PdfExtension.py:101] - Texte OCR extrait de l'image 4 sur la page 0 : tetetatata
...
2025-01-17 15:01:43,787 - INFO - [PdfExtension.py:103] - Aucun texte OCR extrait de l'image 5 sur la page 0.
2025-01-17 15:01:43,835 - INFO - [PdfExtension.py:103] - Aucun texte OCR extrait de l'image 6 sur la page 0.
2025-01-17 15:01:43,889 - INFO - [PdfExtension.py:101] - Texte OCR extrait de l'image 7 sur la page 0 : cae
...
2025-01-17 15:01:43,937 - INFO - [PdfExtension.py:103] - Aucun texte OCR extrait de l'image 8 sur la page 0.
2025-01-17 15:01:43,940 - INFO - [PdfExtension.py:70] - Texte extrait de la page 1 : nLes échanges de talents et la coopération entre la recherche publique et le secteur privé
devraient être encouragés. Ils faciliteraient le déploiement sûr et rapide d'applications dans des
domaines p...
2025-01-17 15:01:43,940 - INFO - [PdfExtension.py:81] - Nombre d'images trouvées sur la page 1 : 0
2025-01-17 15:01:43,944 - INFO - [PdfExtension.py:70] - Texte extrait de la page 2 : 1.1 Prévisions du marché du travail
L'IA pourrait apporter des avantages économiques importants : dans tous les secteurs, les
technologies de l'IA offrent la promesse d'accroître la productivité et de...
2025-01-17 15:01:43,944 - INFO - [PdfExtension.py:81] - Nombre d'images trouvées sur la page 2 : 0
2025-01-17 15:01:43,947 - INFO - [PdfExtension.py:70] - Texte extrait de la page 3 : Dans les domaines où les capacités de l’IA ont dépassé la réglementation actuelle, il pourrait être
nécessaire d'adopter de nouvelles approches de gouvernance qui tiennent compte des questions
éthique...
2025-01-17 15:01:43,947 - INFO - [PdfExtension.py:81] - Nombre d'images trouvées sur la page 3 : 0
2025-01-17 15:01:43,950 - INFO - [PdfExtension.py:70] - Texte extrait de la page 4 : 3. 
Domaines d'application exemplaires et conséquences sociétales
3.1 Applications dans le domaine des soins de santé
L'IA offre des avantages potentiels importants dans les systèmes qui étayent la pr...
2025-01-17 15:01:43,950 - INFO - [PdfExtension.py:81] - Nombre d'images trouvées sur la page 4 : 0
2025-01-17 15:01:43,950 - INFO - [PdfExtension.py:117] - Extraction terminée pour le fichier PDF : ../data/AI_G7_2019_FR.pdf
2025-01-17 15:02:21,617 - INFO - [PdfExtension.py:50] - Début de l'extraction pour le fichier PDF : ../data/AI_G7_2019_FR.pdf
2025-01-17 15:02:21,618 - INFO - [PdfExtension.py:59] - Nombre de pages dans le PDF '../data/AI_G7_2019_FR.pdf' : 5
2025-01-17 15:02:21,639 - INFO - [PdfExtension.py:70] - Texte extrait de la page 0 : Résumé et recommandations
L'intelligence artificielle (IA) est l'une des technologies qui transforme notre société et de nombreux
aspects de notre vie quotidienne. L'IA a déjà procuré de nombreux avan...
2025-01-17 15:02:21,640 - INFO - [PdfExtension.py:81] - Nombre d'images trouvées sur la page 0 : 9
2025-01-17 15:02:21,899 - INFO - [PdfExtension.py:101] - Texte OCR extrait de l'image 0 sur la page 0 : ae Gore = "aa

, apie. = 2

q rege fy i . I
------. ‘>a

* Meet et J 2 AY “MO

be Se ae ee ta oe DS: Yo gt
Ap pr U pp ye 6 4
Lt, pe} y
N. D &
Ds a
...
2025-01-17 15:02:21,959 - INFO - [PdfExtension.py:103] - Aucun texte OCR extrait de l'image 1 sur la page 0.
2025-01-17 15:02:22,012 - INFO - [PdfExtension.py:101] - Texte OCR extrait de l'image 2 sur la page 0 : aa
O
...
2025-01-17 15:02:22,062 - INFO - [PdfExtension.py:103] - Aucun texte OCR extrait de l'image 3 sur la page 0.
2025-01-17 15:02:22,116 - INFO - [PdfExtension.py:101] - Texte OCR extrait de l'image 4 sur la page 0 : tetetatata
...
2025-01-17 15:02:22,164 - INFO - [PdfExtension.py:103] - Aucun texte OCR extrait de l'image 5 sur la page 0.
2025-01-17 15:02:22,212 - INFO - [PdfExtension.py:103] - Aucun texte OCR extrait de l'image 6 sur la page 0.
2025-01-17 15:02:22,268 - INFO - [PdfExtension.py:101] - Texte OCR extrait de l'image 7 sur la page 0 : cae
...
2025-01-17 15:02:22,319 - INFO - [PdfExtension.py:103] - Aucun texte OCR extrait de l'image 8 sur la page 0.
2025-01-17 15:02:22,322 - INFO - [PdfExtension.py:70] - Texte extrait de la page 1 : nLes échanges de talents et la coopération entre la recherche publique et le secteur privé
devraient être encouragés. Ils faciliteraient le déploiement sûr et rapide d'applications dans des
domaines p...
2025-01-17 15:02:22,323 - INFO - [PdfExtension.py:81] - Nombre d'images trouvées sur la page 1 : 0
2025-01-17 15:02:22,326 - INFO - [PdfExtension.py:70] - Texte extrait de la page 2 : 1.1 Prévisions du marché du travail
L'IA pourrait apporter des avantages économiques importants : dans tous les secteurs, les
technologies de l'IA offrent la promesse d'accroître la productivité et de...
2025-01-17 15:02:22,326 - INFO - [PdfExtension.py:81] - Nombre d'images trouvées sur la page 2 : 0
2025-01-17 15:02:22,329 - INFO - [PdfExtension.py:70] - Texte extrait de la page 3 : Dans les domaines où les capacités de l’IA ont dépassé la réglementation actuelle, il pourrait être
nécessaire d'adopter de nouvelles approches de gouvernance qui tiennent compte des questions
éthique...
2025-01-17 15:02:22,330 - INFO - [PdfExtension.py:81] - Nombre d'images trouvées sur la page 3 : 0
2025-01-17 15:02:22,333 - INFO - [PdfExtension.py:70] - Texte extrait de la page 4 : 3. 
Domaines d'application exemplaires et conséquences sociétales
3.1 Applications dans le domaine des soins de santé
L'IA offre des avantages potentiels importants dans les systèmes qui étayent la pr...
2025-01-17 15:02:22,333 - INFO - [PdfExtension.py:81] - Nombre d'images trouvées sur la page 4 : 0
2025-01-17 15:02:22,333 - INFO - [PdfExtension.py:117] - Extraction terminée pour le fichier PDF : ../data/AI_G7_2019_FR.pdf
2025-01-30 09:53:53,738 - ERROR - [PdfExtension.py:143] - Erreur lors du traitement de l'image 0 sur la page 0 : tesseract is not installed or it's not in your PATH. See README file for more information.
2025-01-30 09:53:53,755 - ERROR - [PdfExtension.py:143] - Erreur lors du traitement de l'image 1 sur la page 0 : tesseract is not installed or it's not in your PATH. See README file for more information.
2025-01-30 09:53:53,758 - ERROR - [PdfExtension.py:143] - Erreur lors du traitement de l'image 2 sur la page 0 : tesseract is not installed or it's not in your PATH. See README file for more information.
2025-01-30 09:53:53,764 - ERROR - [PdfExtension.py:143] - Erreur lors du traitement de l'image 3 sur la page 0 : tesseract is not installed or it's not in your PATH. See README file for more information.
2025-01-30 09:53:53,766 - ERROR - [PdfExtension.py:143] - Erreur lors du traitement de l'image 4 sur la page 0 : tesseract is not installed or it's not in your PATH. See README file for more information.
2025-01-30 09:53:53,767 - ERROR - [PdfExtension.py:143] - Erreur lors du traitement de l'image 5 sur la page 0 : tesseract is not installed or it's not in your PATH. See README file for more information.
2025-01-30 09:53:53,768 - ERROR - [PdfExtension.py:143] - Erreur lors du traitement de l'image 6 sur la page 0 : tesseract is not installed or it's not in your PATH. See README file for more information.
2025-01-30 09:53:53,774 - ERROR - [PdfExtension.py:143] - Erreur lors du traitement de l'image 7 sur la page 0 : tesseract is not installed or it's not in your PATH. See README file for more information.
2025-01-30 09:53:53,776 - ERROR - [PdfExtension.py:143] - Erreur lors du traitement de l'image 8 sur la page 0 : tesseract is not installed or it's not in your PATH. See README file for more information.
2025-01-30 09:53:53,905 - ERROR - [PdfExtension.py:143] - Erreur lors du traitement de l'image 0 sur la page 0 : tesseract is not installed or it's not in your PATH. See README file for more information.
2025-01-30 09:53:53,918 - ERROR - [PdfExtension.py:143] - Erreur lors du traitement de l'image 1 sur la page 0 : tesseract is not installed or it's not in your PATH. See README file for more information.
2025-01-30 09:53:53,921 - ERROR - [PdfExtension.py:143] - Erreur lors du traitement de l'image 2 sur la page 0 : tesseract is not installed or it's not in your PATH. See README file for more information.
2025-01-30 09:53:53,926 - ERROR - [PdfExtension.py:143] - Erreur lors du traitement de l'image 3 sur la page 0 : tesseract is not installed or it's not in your PATH. See README file for more information.
2025-01-30 09:53:53,928 - ERROR - [PdfExtension.py:143] - Erreur lors du traitement de l'image 4 sur la page 0 : tesseract is not installed or it's not in your PATH. See README file for more information.
2025-01-30 09:53:53,930 - ERROR - [PdfExtension.py:143] - Erreur lors du traitement de l'image 5 sur la page 0 : tesseract is not installed or it's not in your PATH. See README file for more information.
2025-01-30 09:53:53,931 - ERROR - [PdfExtension.py:143] - Erreur lors du traitement de l'image 6 sur la page 0 : tesseract is not installed or it's not in your PATH. See README file for more information.
2025-01-30 09:53:53,937 - ERROR - [PdfExtension.py:143] - Erreur lors du traitement de l'image 7 sur la page 0 : tesseract is not installed or it's not in your PATH. See README file for more information.
2025-01-30 09:53:53,938 - ERROR - [PdfExtension.py:143] - Erreur lors du traitement de l'image 8 sur la page 0 : tesseract is not installed or it's not in your PATH. See README file for more information.
2025-01-30 10:23:35,135 - ERROR - [PdfExtension.py:79] - Erreur lors de l'ouverture du PDF '/app/shared_data/data/G7_2019_FR.pdf' : no such file: '/app/shared_data/data/G7_2019_FR.pdf'
2025-01-30 10:41:07,243 - ERROR - [PdfExtension.py:143] - Erreur lors du traitement de l'image 0 sur la page 0 : tesseract is not installed or it's not in your PATH. See README file for more information.
2025-01-30 10:41:07,263 - ERROR - [PdfExtension.py:143] - Erreur lors du traitement de l'image 1 sur la page 0 : tesseract is not installed or it's not in your PATH. See README file for more information.
2025-01-30 10:41:07,266 - ERROR - [PdfExtension.py:143] - Erreur lors du traitement de l'image 2 sur la page 0 : tesseract is not installed or it's not in your PATH. See README file for more information.
2025-01-30 10:41:07,272 - ERROR - [PdfExtension.py:143] - Erreur lors du traitement de l'image 3 sur la page 0 : tesseract is not installed or it's not in your PATH. See README file for more information.
2025-01-30 10:41:07,274 - ERROR - [PdfExtension.py:143] - Erreur lors du traitement de l'image 4 sur la page 0 : tesseract is not installed or it's not in your PATH. See README file for more information.
2025-01-30 10:41:07,276 - ERROR - [PdfExtension.py:143] - Erreur lors du traitement de l'image 5 sur la page 0 : tesseract is not installed or it's not in your PATH. See README file for more information.
2025-01-30 10:41:07,278 - ERROR - [PdfExtension.py:143] - Erreur lors du traitement de l'image 6 sur la page 0 : tesseract is not installed or it's not in your PATH. See README file for more information.
2025-01-30 10:41:07,285 - ERROR - [PdfExtension.py:143] - Erreur lors du traitement de l'image 7 sur la page 0 : tesseract is not installed or it's not in your PATH. See README file for more information.
2025-01-30 10:41:07,287 - ERROR - [PdfExtension.py:143] - Erreur lors du traitement de l'image 8 sur la page 0 : tesseract is not installed or it's not in your PATH. See README file for more information.
2025-01-30 10:42:00,298 - ERROR - [PdfExtension.py:79] - Erreur lors de l'ouverture du PDF '/app/shared_data/data/G7_2019_FR.pdf' : no such file: '/app/shared_data/data/G7_2019_FR.pdf'
2025-01-30 10:43:48,894 - ERROR - [PdfExtension.py:143] - Erreur lors du traitement de l'image 0 sur la page 0 : tesseract is not installed or it's not in your PATH. See README file for more information.
2025-01-30 10:43:48,908 - ERROR - [PdfExtension.py:143] - Erreur lors du traitement de l'image 1 sur la page 0 : tesseract is not installed or it's not in your PATH. See README file for more information.
2025-01-30 10:43:48,911 - ERROR - [PdfExtension.py:143] - Erreur lors du traitement de l'image 2 sur la page 0 : tesseract is not installed or it's not in your PATH. See README file for more information.
2025-01-30 10:43:48,917 - ERROR - [PdfExtension.py:143] - Erreur lors du traitement de l'image 3 sur la page 0 : tesseract is not installed or it's not in your PATH. See README file for more information.
2025-01-30 10:43:48,919 - ERROR - [PdfExtension.py:143] - Erreur lors du traitement de l'image 4 sur la page 0 : tesseract is not installed or it's not in your PATH. See README file for more information.
2025-01-30 10:43:48,920 - ERROR - [PdfExtension.py:143] - Erreur lors du traitement de l'image 5 sur la page 0 : tesseract is not installed or it's not in your PATH. See README file for more information.
2025-01-30 10:43:48,922 - ERROR - [PdfExtension.py:143] - Erreur lors du traitement de l'image 6 sur la page 0 : tesseract is not installed or it's not in your PATH. See README file for more information.
2025-01-30 10:43:48,929 - ERROR - [PdfExtension.py:143] - Erreur lors du traitement de l'image 7 sur la page 0 : tesseract is not installed or it's not in your PATH. See README file for more information.
2025-01-30 10:43:48,931 - ERROR - [PdfExtension.py:143] - Erreur lors du traitement de l'image 8 sur la page 0 : tesseract is not installed or it's not in your PATH. See README file for more information.
2025-01-30 12:57:01,522 - ERROR - [PdfExtension.py:143] - Erreur lors du traitement de l'image 0 sur la page 0 : tesseract is not installed or it's not in your PATH. See README file for more information.
2025-01-30 12:57:01,539 - ERROR - [PdfExtension.py:143] - Erreur lors du traitement de l'image 1 sur la page 0 : tesseract is not installed or it's not in your PATH. See README file for more information.
2025-01-30 12:57:01,542 - ERROR - [PdfExtension.py:143] - Erreur lors du traitement de l'image 2 sur la page 0 : tesseract is not installed or it's not in your PATH. See README file for more information.
2025-01-30 12:57:01,548 - ERROR - [PdfExtension.py:143] - Erreur lors du traitement de l'image 3 sur la page 0 : tesseract is not installed or it's not in your PATH. See README file for more information.
2025-01-30 12:57:01,550 - ERROR - [PdfExtension.py:143] - Erreur lors du traitement de l'image 4 sur la page 0 : tesseract is not installed or it's not in your PATH. See README file for more information.
2025-01-30 12:57:01,551 - ERROR - [PdfExtension.py:143] - Erreur lors du traitement de l'image 5 sur la page 0 : tesseract is not installed or it's not in your PATH. See README file for more information.
2025-01-30 12:57:01,553 - ERROR - [PdfExtension.py:143] - Erreur lors du traitement de l'image 6 sur la page 0 : tesseract is not installed or it's not in your PATH. See README file for more information.
2025-01-30 12:57:01,559 - ERROR - [PdfExtension.py:143] - Erreur lors du traitement de l'image 7 sur la page 0 : tesseract is not installed or it's not in your PATH. See README file for more information.
2025-01-30 12:57:01,561 - ERROR - [PdfExtension.py:143] - Erreur lors du traitement de l'image 8 sur la page 0 : tesseract is not installed or it's not in your PATH. See README file for more information.
2025-01-30 13:07:16,908 - ERROR - [PdfExtension.py:143] - Erreur lors du traitement de l'image 0 sur la page 0 : tesseract is not installed or it's not in your PATH. See README file for more information.
2025-01-30 13:07:16,921 - ERROR - [PdfExtension.py:143] - Erreur lors du traitement de l'image 1 sur la page 0 : tesseract is not installed or it's not in your PATH. See README file for more information.
2025-01-30 13:07:16,924 - ERROR - [PdfExtension.py:143] - Erreur lors du traitement de l'image 2 sur la page 0 : tesseract is not installed or it's not in your PATH. See README file for more information.
2025-01-30 13:07:16,929 - ERROR - [PdfExtension.py:143] - Erreur lors du traitement de l'image 3 sur la page 0 : tesseract is not installed or it's not in your PATH. See README file for more information.
2025-01-30 13:07:16,931 - ERROR - [PdfExtension.py:143] - Erreur lors du traitement de l'image 4 sur la page 0 : tesseract is not installed or it's not in your PATH. See README file for more information.
2025-01-30 13:07:16,933 - ERROR - [PdfExtension.py:143] - Erreur lors du traitement de l'image 5 sur la page 0 : tesseract is not installed or it's not in your PATH. See README file for more information.
2025-01-30 13:07:16,935 - ERROR - [PdfExtension.py:143] - Erreur lors du traitement de l'image 6 sur la page 0 : tesseract is not installed or it's not in your PATH. See README file for more information.
2025-01-30 13:07:16,941 - ERROR - [PdfExtension.py:143] - Erreur lors du traitement de l'image 7 sur la page 0 : tesseract is not installed or it's not in your PATH. See README file for more information.
2025-01-30 13:07:16,942 - ERROR - [PdfExtension.py:143] - Erreur lors du traitement de l'image 8 sur la page 0 : tesseract is not installed or it's not in your PATH. See README file for more information.
2025-01-30 13:08:09,888 - ERROR - [PdfExtension.py:143] - Erreur lors du traitement de l'image 0 sur la page 0 : tesseract is not installed or it's not in your PATH. See README file for more information.
2025-01-30 13:08:09,901 - ERROR - [PdfExtension.py:143] - Erreur lors du traitement de l'image 1 sur la page 0 : tesseract is not installed or it's not in your PATH. See README file for more information.
2025-01-30 13:08:09,905 - ERROR - [PdfExtension.py:143] - Erreur lors du traitement de l'image 2 sur la page 0 : tesseract is not installed or it's not in your PATH. See README file for more information.
2025-01-30 13:08:09,910 - ERROR - [PdfExtension.py:143] - Erreur lors du traitement de l'image 3 sur la page 0 : tesseract is not installed or it's not in your PATH. See README file for more information.
2025-01-30 13:08:09,912 - ERROR - [PdfExtension.py:143] - Erreur lors du traitement de l'image 4 sur la page 0 : tesseract is not installed or it's not in your PATH. See README file for more information.
2025-01-30 13:08:09,913 - ERROR - [PdfExtension.py:143] - Erreur lors du traitement de l'image 5 sur la page 0 : tesseract is not installed or it's not in your PATH. See README file for more information.
2025-01-30 13:08:09,915 - ERROR - [PdfExtension.py:143] - Erreur lors du traitement de l'image 6 sur la page 0 : tesseract is not installed or it's not in your PATH. See README file for more information.
2025-01-30 13:08:09,922 - ERROR - [PdfExtension.py:143] - Erreur lors du traitement de l'image 7 sur la page 0 : tesseract is not installed or it's not in your PATH. See README file for more information.
2025-01-30 13:08:09,924 - ERROR - [PdfExtension.py:143] - Erreur lors du traitement de l'image 8 sur la page 0 : tesseract is not installed or it's not in your PATH. See README file for more information.
2025-01-30 13:10:27,076 - ERROR - [PdfExtension.py:143] - Erreur lors du traitement de l'image 0 sur la page 0 : tesseract is not installed or it's not in your PATH. See README file for more information.
2025-01-30 13:10:27,090 - ERROR - [PdfExtension.py:143] - Erreur lors du traitement de l'image 1 sur la page 0 : tesseract is not installed or it's not in your PATH. See README file for more information.
2025-01-30 13:10:27,093 - ERROR - [PdfExtension.py:143] - Erreur lors du traitement de l'image 2 sur la page 0 : tesseract is not installed or it's not in your PATH. See README file for more information.
2025-01-30 13:10:27,099 - ERROR - [PdfExtension.py:143] - Erreur lors du traitement de l'image 3 sur la page 0 : tesseract is not installed or it's not in your PATH. See README file for more information.
2025-01-30 13:10:27,101 - ERROR - [PdfExtension.py:143] - Erreur lors du traitement de l'image 4 sur la page 0 : tesseract is not installed or it's not in your PATH. See README file for more information.
2025-01-30 13:10:27,103 - ERROR - [PdfExtension.py:143] - Erreur lors du traitement de l'image 5 sur la page 0 : tesseract is not installed or it's not in your PATH. See README file for more information.
2025-01-30 13:10:27,104 - ERROR - [PdfExtension.py:143] - Erreur lors du traitement de l'image 6 sur la page 0 : tesseract is not installed or it's not in your PATH. See README file for more information.
2025-01-30 13:10:27,111 - ERROR - [PdfExtension.py:143] - Erreur lors du traitement de l'image 7 sur la page 0 : tesseract is not installed or it's not in your PATH. See README file for more information.
2025-01-30 13:10:27,113 - ERROR - [PdfExtension.py:143] - Erreur lors du traitement de l'image 8 sur la page 0 : tesseract is not installed or it's not in your PATH. See README file for more information.
2025-01-30 13:27:58,442 - ERROR - [PdfExtension.py:143] - Erreur lors du traitement de l'image 0 sur la page 0 : tesseract is not installed or it's not in your PATH. See README file for more information.
2025-01-30 13:27:58,455 - ERROR - [PdfExtension.py:143] - Erreur lors du traitement de l'image 1 sur la page 0 : tesseract is not installed or it's not in your PATH. See README file for more information.
2025-01-30 13:27:58,459 - ERROR - [PdfExtension.py:143] - Erreur lors du traitement de l'image 2 sur la page 0 : tesseract is not installed or it's not in your PATH. See README file for more information.
2025-01-30 13:27:58,464 - ERROR - [PdfExtension.py:143] - Erreur lors du traitement de l'image 3 sur la page 0 : tesseract is not installed or it's not in your PATH. See README file for more information.
2025-01-30 13:27:58,466 - ERROR - [PdfExtension.py:143] - Erreur lors du traitement de l'image 4 sur la page 0 : tesseract is not installed or it's not in your PATH. See README file for more information.
2025-01-30 13:27:58,468 - ERROR - [PdfExtension.py:143] - Erreur lors du traitement de l'image 5 sur la page 0 : tesseract is not installed or it's not in your PATH. See README file for more information.
2025-01-30 13:27:58,469 - ERROR - [PdfExtension.py:143] - Erreur lors du traitement de l'image 6 sur la page 0 : tesseract is not installed or it's not in your PATH. See README file for more information.
2025-01-30 13:27:58,475 - ERROR - [PdfExtension.py:143] - Erreur lors du traitement de l'image 7 sur la page 0 : tesseract is not installed or it's not in your PATH. See README file for more information.
2025-01-30 13:27:58,477 - ERROR - [PdfExtension.py:143] - Erreur lors du traitement de l'image 8 sur la page 0 : tesseract is not installed or it's not in your PATH. See README file for more information.
