2025-01-24 09:09:10,580 - INFO - [PythonTool.py:90] - Événement détecté : modified - ./Logs/PythonTool.log
2025-01-24 09:09:10,583 - INFO - [PythonTool.py:90] - Événement détecté : closed - ./Logs/PythonTool.log
2025-01-24 09:09:10,584 - INFO - [PythonTool.py:90] - Événement détecté : modified - ./Logs
2025-01-24 09:09:10,585 - INFO - [PythonTool.py:90] - Événement détecté : created - ./Logs/PythonTool.log
2025-01-24 09:09:10,586 - INFO - [PythonTool.py:90] - Événement détecté : modified - ./Logs
2025-01-24 09:09:10,622 - INFO - [PythonTool.py:90] - Événement détecté : deleted - ./Logs/PythonTool.log
2025-01-24 09:09:10,622 - INFO - [PythonTool.py:90] - Événement détecté : modified - ./Logs
2025-01-24 09:09:10,623 - INFO - [PythonTool.py:90] - Événement détecté : created - ./Logs/PythonTool.log
2025-01-24 09:09:10,623 - INFO - [PythonTool.py:90] - Événement détecté : modified - ./Logs
2025-01-24 09:10:34,162 - INFO - [PythonTool.py:90] - Événement détecté : modified - ./Logs/LlmGeneration.log
2025-01-24 09:10:34,164 - INFO - [PythonTool.py:90] - Événement détecté : modified - ./Logs/LlmGeneration.log
2025-01-24 09:10:34,165 - INFO - [PythonTool.py:90] - Événement détecté : modified - ./Logs/LlmGeneration.log
2025-01-24 09:10:34,165 - INFO - [PythonTool.py:90] - Événement détecté : modified - ./Logs/LlmGeneration.log
2025-01-24 09:10:34,167 - INFO - [PythonTool.py:90] - Événement détecté : modified - ./history_func.log
2025-01-24 09:10:44,235 - INFO - [PythonTool.py:90] - Événement détecté : opened - ./shared_data/quantites_achetees_par_acheteur.png
2025-01-24 09:10:44,236 - INFO - [PythonTool.py:90] - Événement détecté : closed_no_write - ./shared_data/quantites_achetees_par_acheteur.png
2025-01-24 09:10:44,237 - INFO - [PythonTool.py:90] - Événement détecté : opened - ./shared_data/quantites_achetees_par_acheteur.png
2025-01-24 09:10:44,240 - INFO - [PythonTool.py:90] - Événement détecté : closed_no_write - ./shared_data/quantites_achetees_par_acheteur.png
2025-01-24 09:10:44,268 - INFO - [PythonTool.py:90] - Événement détecté : opened - ./shared_data/quantites_achetees_par_acheteur.png
2025-01-24 09:10:44,269 - INFO - [PythonTool.py:90] - Événement détecté : closed_no_write - ./shared_data/quantites_achetees_par_acheteur.png
2025-01-24 09:10:44,270 - INFO - [PythonTool.py:90] - Événement détecté : opened - ./shared_data/quantites_achetees_par_acheteur.png
2025-01-24 09:10:44,271 - INFO - [PythonTool.py:90] - Événement détecté : closed_no_write - ./shared_data/quantites_achetees_par_acheteur.png
2025-01-24 09:10:44,273 - INFO - [PythonTool.py:90] - Événement détecté : opened - ./shared_data/quantites_achetees_par_acheteur.png
2025-01-24 09:10:44,291 - INFO - [PythonTool.py:90] - Événement détecté : closed_no_write - ./shared_data/quantites_achetees_par_acheteur.png
2025-01-24 09:10:48,832 - INFO - [PythonTool.py:90] - Événement détecté : opened - ./shared_data/PythonTool.log
2025-01-24 09:10:48,835 - INFO - [PythonTool.py:90] - Événement détecté : closed_no_write - ./shared_data/PythonTool.log
2025-01-24 09:10:48,836 - INFO - [PythonTool.py:90] - Événement détecté : opened - ./shared_data/quantites_achetees_par_acheteur.png
2025-01-24 09:10:48,838 - INFO - [PythonTool.py:90] - Événement détecté : closed_no_write - ./shared_data/quantites_achetees_par_acheteur.png
2025-01-24 09:10:48,840 - INFO - [PythonTool.py:90] - Événement détecté : opened - ./shared_data/quantites_achetees_par_acheteur.png
2025-01-24 09:10:48,842 - INFO - [PythonTool.py:90] - Événement détecté : closed_no_write - ./shared_data/quantites_achetees_par_acheteur.png
2025-01-24 09:10:48,842 - INFO - [PythonTool.py:90] - Événement détecté : opened - ./shared_data/quantites_achetees_par_acheteur.png
2025-01-24 09:10:48,843 - INFO - [PythonTool.py:90] - Événement détecté : closed_no_write - ./shared_data/quantites_achetees_par_acheteur.png
2025-01-24 09:10:48,843 - INFO - [PythonTool.py:90] - Événement détecté : opened - ./shared_data/quantites_acheteurs.png
2025-01-24 09:10:48,844 - INFO - [PythonTool.py:90] - Événement détecté : closed_no_write - ./shared_data/quantites_acheteurs.png
2025-01-24 09:10:48,844 - INFO - [PythonTool.py:90] - Événement détecté : opened - ./shared_data/quantites_acheteurs.png
2025-01-24 09:10:48,844 - INFO - [PythonTool.py:90] - Événement détecté : closed_no_write - ./shared_data/quantites_acheteurs.png
2025-01-24 09:10:48,846 - INFO - [PythonTool.py:90] - Événement détecté : opened - ./shared_data/quantites_acheteurs.png
2025-01-24 09:10:48,847 - INFO - [PythonTool.py:90] - Événement détecté : closed_no_write - ./shared_data/quantites_acheteurs.png
2025-01-24 09:10:48,851 - INFO - [PythonTool.py:90] - Événement détecté : opened - ./shared_data/quantites_achetees_par_acheteur.png
2025-01-24 09:10:48,853 - INFO - [PythonTool.py:90] - Événement détecté : closed_no_write - ./shared_data/quantites_achetees_par_acheteur.png
2025-01-24 09:10:48,854 - INFO - [PythonTool.py:90] - Événement détecté : opened - ./shared_data/quantites_achetees_par_acheteur.png
2025-01-24 09:10:48,854 - INFO - [PythonTool.py:90] - Événement détecté : closed_no_write - ./shared_data/quantites_achetees_par_acheteur.png
2025-01-24 09:10:48,855 - INFO - [PythonTool.py:90] - Événement détecté : opened - ./shared_data/quantites_achetees_par_acheteur.png
2025-01-24 09:10:48,855 - INFO - [PythonTool.py:90] - Événement détecté : opened - ./shared_data/quantites_acheteurs.png
2025-01-24 09:10:48,855 - INFO - [PythonTool.py:90] - Événement détecté : closed_no_write - ./shared_data/quantites_acheteurs.png
2025-01-24 09:10:48,856 - INFO - [PythonTool.py:90] - Événement détecté : opened - ./shared_data/quantites_acheteurs.png
2025-01-24 09:10:48,857 - INFO - [PythonTool.py:90] - Événement détecté : closed_no_write - ./shared_data/quantites_acheteurs.png
2025-01-24 09:10:48,857 - INFO - [PythonTool.py:90] - Événement détecté : opened - ./shared_data/quantites_acheteurs.png
2025-01-24 09:10:48,862 - INFO - [PythonTool.py:90] - Événement détecté : closed_no_write - ./shared_data/quantites_achetees_par_acheteur.png
2025-01-24 09:10:48,862 - INFO - [PythonTool.py:90] - Événement détecté : closed_no_write - ./shared_data/quantites_acheteurs.png
2025-01-24 09:10:58,418 - INFO - [PythonTool.py:90] - Événement détecté : opened - ./shared_data/PythonTool.log
2025-01-24 09:10:58,426 - INFO - [PythonTool.py:90] - Événement détecté : closed_no_write - ./shared_data/PythonTool.log
2025-01-24 09:10:58,427 - INFO - [PythonTool.py:90] - Événement détecté : opened - ./shared_data/quantites_achetees_par_acheteur.png
2025-01-24 09:10:58,429 - INFO - [PythonTool.py:90] - Événement détecté : closed_no_write - ./shared_data/quantites_achetees_par_acheteur.png
2025-01-24 09:10:58,430 - INFO - [PythonTool.py:90] - Événement détecté : opened - ./shared_data/quantites_achetees_par_acheteur.png
2025-01-24 09:10:58,431 - INFO - [PythonTool.py:90] - Événement détecté : closed_no_write - ./shared_data/quantites_achetees_par_acheteur.png
2025-01-24 09:10:58,433 - INFO - [PythonTool.py:90] - Événement détecté : opened - ./shared_data/quantites_achetees_par_acheteur.png
2025-01-24 09:10:58,469 - INFO - [PythonTool.py:90] - Événement détecté : closed_no_write - ./shared_data/quantites_achetees_par_acheteur.png
2025-01-24 09:10:58,472 - INFO - [PythonTool.py:90] - Événement détecté : opened - ./shared_data/quantites_acheteurs.png
2025-01-24 09:10:58,473 - INFO - [PythonTool.py:90] - Événement détecté : closed_no_write - ./shared_data/quantites_acheteurs.png
2025-01-24 09:10:58,475 - INFO - [PythonTool.py:90] - Événement détecté : opened - ./shared_data/quantites_acheteurs.png
2025-01-24 09:10:58,479 - INFO - [PythonTool.py:90] - Événement détecté : closed_no_write - ./shared_data/quantites_acheteurs.png
2025-01-24 09:10:58,480 - INFO - [PythonTool.py:90] - Événement détecté : opened - ./shared_data/quantites_acheteurs.png
2025-01-24 09:10:58,480 - INFO - [PythonTool.py:90] - Événement détecté : closed_no_write - ./shared_data/quantites_acheteurs.png
2025-01-24 09:10:58,481 - INFO - [PythonTool.py:90] - Événement détecté : opened - ./shared_data/quantites_acheteurs.png
2025-01-24 09:10:58,481 - INFO - [PythonTool.py:90] - Événement détecté : closed_no_write - ./shared_data/quantites_acheteurs.png
2025-01-24 09:10:58,482 - INFO - [PythonTool.py:90] - Événement détecté : opened - ./shared_data/quantites_acheteurs.png
2025-01-24 09:10:58,482 - INFO - [PythonTool.py:90] - Événement détecté : closed_no_write - ./shared_data/quantites_acheteurs.png
2025-01-24 09:10:58,484 - INFO - [PythonTool.py:90] - Événement détecté : opened - ./shared_data/quantites_acheteurs.png
2025-01-24 09:10:58,485 - INFO - [PythonTool.py:90] - Événement détecté : opened - ./shared_data/quantites_achetees_par_acheteur.png
2025-01-24 09:10:58,485 - INFO - [PythonTool.py:90] - Événement détecté : closed_no_write - ./shared_data/quantites_achetees_par_acheteur.png
2025-01-24 09:10:58,485 - INFO - [PythonTool.py:90] - Événement détecté : opened - ./shared_data/quantites_achetees_par_acheteur.png
2025-01-24 09:10:58,486 - INFO - [PythonTool.py:90] - Événement détecté : closed_no_write - ./shared_data/quantites_achetees_par_acheteur.png
2025-01-24 09:10:58,486 - INFO - [PythonTool.py:90] - Événement détecté : opened - ./shared_data/quantites_achetees_par_acheteur.png
2025-01-24 09:10:58,493 - INFO - [PythonTool.py:90] - Événement détecté : closed_no_write - ./shared_data/quantites_acheteurs.png
2025-01-24 09:10:58,498 - INFO - [PythonTool.py:90] - Événement détecté : closed_no_write - ./shared_data/quantites_achetees_par_acheteur.png
2025-01-30 09:29:07,909 - WARNING - [PythonTool.py:164] - Aucun code Python trouvé dans l'outil.
2025-01-30 09:50:14,809 - WARNING - [PythonTool.py:164] - Aucun code Python trouvé dans l'outil.
2025-01-30 10:30:54,093 - WARNING - [PythonTool.py:164] - Aucun code Python trouvé dans l'outil.
