2025-01-23 11:31:24,684 - ERROR - [SqlTool.py:69] - Erreur lors de l'exécution de la requête SQL : Binder Error: Referenced table "ai_g7_2019_fr_text" not found!
Candidate tables: "ai_g7_2019_fr_text_content"
LINE 1: SELECT ai_g7_2019_fr_text.content FROM ai_g7_2...
               ^
2025-01-23 15:40:09,261 - INFO - [SqlTool.py:79] - Début de la récupération du schéma de la base de données.
2025-01-23 15:40:09,267 - INFO - [SqlTool.py:83] - Tables trouvées dans la base de données : [('test_excel_for_program_items',), ('test_excel_for_program_orders',), ('test_excel_for_program_projects',)]
2025-01-23 15:40:09,268 - INFO - [SqlTool.py:93] - Schéma de la table 'test_excel_for_program_items': [{'name': 'item_number', 'type': 'VARCHAR'}, {'name': 'buyer', 'type': 'VARCHAR'}, {'name': 'quantity', 'type': 'VARCHAR'}]
2025-01-23 15:40:09,269 - INFO - [SqlTool.py:93] - Schéma de la table 'test_excel_for_program_orders': [{'name': 'order_id', 'type': 'VARCHAR'}, {'name': 'product', 'type': 'VARCHAR'}, {'name': 'price', 'type': 'VARCHAR'}]
2025-01-23 15:40:09,269 - INFO - [SqlTool.py:93] - Schéma de la table 'test_excel_for_program_projects': [{'name': 'project', 'type': 'VARCHAR'}, {'name': 'description', 'type': 'VARCHAR'}, {'name': 'budget', 'type': 'VARCHAR'}]
2025-01-23 15:40:09,274 - INFO - [SqlTool.py:79] - Début de la récupération du schéma de la base de données.
2025-01-23 15:40:09,281 - INFO - [SqlTool.py:83] - Tables trouvées dans la base de données : [('test_excel_for_program_items',), ('test_excel_for_program_orders',), ('test_excel_for_program_projects',)]
2025-01-23 15:40:09,281 - INFO - [SqlTool.py:93] - Schéma de la table 'test_excel_for_program_items': [{'name': 'item_number', 'type': 'VARCHAR'}, {'name': 'buyer', 'type': 'VARCHAR'}, {'name': 'quantity', 'type': 'VARCHAR'}]
2025-01-23 15:40:09,282 - INFO - [SqlTool.py:93] - Schéma de la table 'test_excel_for_program_orders': [{'name': 'order_id', 'type': 'VARCHAR'}, {'name': 'product', 'type': 'VARCHAR'}, {'name': 'price', 'type': 'VARCHAR'}]
2025-01-23 15:40:09,282 - INFO - [SqlTool.py:93] - Schéma de la table 'test_excel_for_program_projects': [{'name': 'project', 'type': 'VARCHAR'}, {'name': 'description', 'type': 'VARCHAR'}, {'name': 'budget', 'type': 'VARCHAR'}]
2025-01-23 15:40:09,833 - INFO - [SqlTool.py:79] - Début de la récupération du schéma de la base de données.
2025-01-23 15:40:09,847 - INFO - [SqlTool.py:83] - Tables trouvées dans la base de données : [('test_excel_for_program_items',), ('test_excel_for_program_orders',), ('test_excel_for_program_projects',)]
2025-01-23 15:40:09,847 - INFO - [SqlTool.py:93] - Schéma de la table 'test_excel_for_program_items': [{'name': 'item_number', 'type': 'VARCHAR'}, {'name': 'buyer', 'type': 'VARCHAR'}, {'name': 'quantity', 'type': 'VARCHAR'}]
2025-01-23 15:40:09,848 - INFO - [SqlTool.py:93] - Schéma de la table 'test_excel_for_program_orders': [{'name': 'order_id', 'type': 'VARCHAR'}, {'name': 'product', 'type': 'VARCHAR'}, {'name': 'price', 'type': 'VARCHAR'}]
2025-01-23 15:40:09,849 - INFO - [SqlTool.py:93] - Schéma de la table 'test_excel_for_program_projects': [{'name': 'project', 'type': 'VARCHAR'}, {'name': 'description', 'type': 'VARCHAR'}, {'name': 'budget', 'type': 'VARCHAR'}]
2025-01-23 15:40:09,856 - INFO - [SqlTool.py:79] - Début de la récupération du schéma de la base de données.
2025-01-23 15:40:09,865 - INFO - [SqlTool.py:83] - Tables trouvées dans la base de données : [('test_excel_for_program_items',), ('test_excel_for_program_orders',), ('test_excel_for_program_projects',)]
2025-01-23 15:40:09,866 - INFO - [SqlTool.py:93] - Schéma de la table 'test_excel_for_program_items': [{'name': 'item_number', 'type': 'VARCHAR'}, {'name': 'buyer', 'type': 'VARCHAR'}, {'name': 'quantity', 'type': 'VARCHAR'}]
2025-01-23 15:40:09,867 - INFO - [SqlTool.py:93] - Schéma de la table 'test_excel_for_program_orders': [{'name': 'order_id', 'type': 'VARCHAR'}, {'name': 'product', 'type': 'VARCHAR'}, {'name': 'price', 'type': 'VARCHAR'}]
2025-01-23 15:40:09,867 - INFO - [SqlTool.py:93] - Schéma de la table 'test_excel_for_program_projects': [{'name': 'project', 'type': 'VARCHAR'}, {'name': 'description', 'type': 'VARCHAR'}, {'name': 'budget', 'type': 'VARCHAR'}]
2025-01-23 15:41:24,324 - INFO - [SqlTool.py:57] - Début de l'exécution de la requête SQL : SELECT * FROM test_excel_for_program_projects;
2025-01-23 15:41:24,330 - INFO - [SqlTool.py:60] - Connecté à la base de données : /app/db/my_database.duckdb
2025-01-23 15:41:24,331 - INFO - [SqlTool.py:66] - Résultats de la requête SQL : [{'project': 'A', 'description': 'Development', 'budget': '10000'}, {'project': 'B', 'description': 'Marketing', 'budget': '5000'}, {'project': 'C', 'description': 'Sales', 'budget': '7000'}]
2025-01-23 15:41:24,333 - INFO - [SqlTool.py:73] - Connexion à la base de données fermée.
2025-01-23 15:41:24,338 - INFO - [SqlTool.py:57] - Début de l'exécution de la requête SQL : SELECT * FROM test_excel_for_program_orders;
2025-01-23 15:41:24,345 - INFO - [SqlTool.py:60] - Connecté à la base de données : /app/db/my_database.duckdb
2025-01-23 15:41:24,347 - INFO - [SqlTool.py:66] - Résultats de la requête SQL : [{'order_id': '201', 'product': 'Laptop', 'price': '1500'}, {'order_id': '202', 'product': 'Keyboard', 'price': '50'}, {'order_id': '203', 'product': 'Mouse', 'price': '30'}]
2025-01-23 15:41:24,349 - INFO - [SqlTool.py:73] - Connexion à la base de données fermée.
2025-01-23 15:41:24,354 - INFO - [SqlTool.py:57] - Début de l'exécution de la requête SQL : SELECT * FROM test_excel_for_program_items;
2025-01-23 15:41:24,359 - INFO - [SqlTool.py:60] - Connecté à la base de données : /app/db/my_database.duckdb
2025-01-23 15:41:24,360 - INFO - [SqlTool.py:66] - Résultats de la requête SQL : [{'item_number': '101', 'buyer': 'Rogier', 'quantity': '5'}, {'item_number': '102', 'buyer': 'Jean', 'quantity': '10'}, {'item_number': '103', 'buyer': 'Marie', 'quantity': '15'}]
2025-01-23 15:41:24,361 - INFO - [SqlTool.py:73] - Connexion à la base de données fermée.
2025-01-23 15:42:31,964 - INFO - [SqlTool.py:79] - Début de la récupération du schéma de la base de données.
2025-01-23 15:42:31,975 - INFO - [SqlTool.py:83] - Tables trouvées dans la base de données : [('test_excel_for_program_items',), ('test_excel_for_program_orders',), ('test_excel_for_program_projects',)]
2025-01-23 15:42:31,976 - INFO - [SqlTool.py:93] - Schéma de la table 'test_excel_for_program_items': [{'name': 'item_number', 'type': 'VARCHAR'}, {'name': 'buyer', 'type': 'VARCHAR'}, {'name': 'quantity', 'type': 'VARCHAR'}]
2025-01-23 15:42:31,976 - INFO - [SqlTool.py:93] - Schéma de la table 'test_excel_for_program_orders': [{'name': 'order_id', 'type': 'VARCHAR'}, {'name': 'product', 'type': 'VARCHAR'}, {'name': 'price', 'type': 'VARCHAR'}]
2025-01-23 15:42:31,977 - INFO - [SqlTool.py:93] - Schéma de la table 'test_excel_for_program_projects': [{'name': 'project', 'type': 'VARCHAR'}, {'name': 'description', 'type': 'VARCHAR'}, {'name': 'budget', 'type': 'VARCHAR'}]
2025-01-23 15:42:31,983 - INFO - [SqlTool.py:79] - Début de la récupération du schéma de la base de données.
2025-01-23 15:42:31,992 - INFO - [SqlTool.py:83] - Tables trouvées dans la base de données : [('test_excel_for_program_items',), ('test_excel_for_program_orders',), ('test_excel_for_program_projects',)]
2025-01-23 15:42:31,993 - INFO - [SqlTool.py:93] - Schéma de la table 'test_excel_for_program_items': [{'name': 'item_number', 'type': 'VARCHAR'}, {'name': 'buyer', 'type': 'VARCHAR'}, {'name': 'quantity', 'type': 'VARCHAR'}]
2025-01-23 15:42:31,993 - INFO - [SqlTool.py:93] - Schéma de la table 'test_excel_for_program_orders': [{'name': 'order_id', 'type': 'VARCHAR'}, {'name': 'product', 'type': 'VARCHAR'}, {'name': 'price', 'type': 'VARCHAR'}]
2025-01-23 15:42:31,994 - INFO - [SqlTool.py:93] - Schéma de la table 'test_excel_for_program_projects': [{'name': 'project', 'type': 'VARCHAR'}, {'name': 'description', 'type': 'VARCHAR'}, {'name': 'budget', 'type': 'VARCHAR'}]
2025-01-23 15:42:54,082 - INFO - [SqlTool.py:79] - Début de la récupération du schéma de la base de données.
2025-01-23 15:42:54,093 - INFO - [SqlTool.py:83] - Tables trouvées dans la base de données : [('test_excel_for_program_items',), ('test_excel_for_program_orders',), ('test_excel_for_program_projects',)]
2025-01-23 15:42:54,094 - INFO - [SqlTool.py:93] - Schéma de la table 'test_excel_for_program_items': [{'name': 'item_number', 'type': 'VARCHAR'}, {'name': 'buyer', 'type': 'VARCHAR'}, {'name': 'quantity', 'type': 'VARCHAR'}]
2025-01-23 15:42:54,095 - INFO - [SqlTool.py:93] - Schéma de la table 'test_excel_for_program_orders': [{'name': 'order_id', 'type': 'VARCHAR'}, {'name': 'product', 'type': 'VARCHAR'}, {'name': 'price', 'type': 'VARCHAR'}]
2025-01-23 15:42:54,095 - INFO - [SqlTool.py:93] - Schéma de la table 'test_excel_for_program_projects': [{'name': 'project', 'type': 'VARCHAR'}, {'name': 'description', 'type': 'VARCHAR'}, {'name': 'budget', 'type': 'VARCHAR'}]
2025-01-23 15:42:54,102 - INFO - [SqlTool.py:79] - Début de la récupération du schéma de la base de données.
2025-01-23 15:42:54,111 - INFO - [SqlTool.py:83] - Tables trouvées dans la base de données : [('test_excel_for_program_items',), ('test_excel_for_program_orders',), ('test_excel_for_program_projects',)]
2025-01-23 15:42:54,112 - INFO - [SqlTool.py:93] - Schéma de la table 'test_excel_for_program_items': [{'name': 'item_number', 'type': 'VARCHAR'}, {'name': 'buyer', 'type': 'VARCHAR'}, {'name': 'quantity', 'type': 'VARCHAR'}]
2025-01-23 15:42:54,113 - INFO - [SqlTool.py:93] - Schéma de la table 'test_excel_for_program_orders': [{'name': 'order_id', 'type': 'VARCHAR'}, {'name': 'product', 'type': 'VARCHAR'}, {'name': 'price', 'type': 'VARCHAR'}]
2025-01-23 15:42:54,113 - INFO - [SqlTool.py:93] - Schéma de la table 'test_excel_for_program_projects': [{'name': 'project', 'type': 'VARCHAR'}, {'name': 'description', 'type': 'VARCHAR'}, {'name': 'budget', 'type': 'VARCHAR'}]
2025-01-23 15:44:59,952 - INFO - [SqlTool.py:57] - Début de l'exécution de la requête SQL : SELECT test_excel_for_program_orders.order_id, test_excel_for_program_orders.product, test_excel_for_program_orders.price FROM test_excel_for_program_orders;
2025-01-23 15:44:59,957 - INFO - [SqlTool.py:60] - Connecté à la base de données : /app/db/my_database.duckdb
2025-01-23 15:44:59,958 - INFO - [SqlTool.py:66] - Résultats de la requête SQL : [{'order_id': '201', 'product': 'Laptop', 'price': '1500'}, {'order_id': '202', 'product': 'Keyboard', 'price': '50'}, {'order_id': '203', 'product': 'Mouse', 'price': '30'}]
2025-01-23 15:44:59,959 - INFO - [SqlTool.py:73] - Connexion à la base de données fermée.
2025-01-23 15:44:59,963 - INFO - [SqlTool.py:57] - Début de l'exécution de la requête SQL : SELECT test_excel_for_program_projects.project, test_excel_for_program_projects.description, test_excel_for_program_projects.budget FROM test_excel_for_program_projects;
2025-01-23 15:44:59,968 - INFO - [SqlTool.py:60] - Connecté à la base de données : /app/db/my_database.duckdb
2025-01-23 15:44:59,968 - INFO - [SqlTool.py:66] - Résultats de la requête SQL : [{'project': 'A', 'description': 'Development', 'budget': '10000'}, {'project': 'B', 'description': 'Marketing', 'budget': '5000'}, {'project': 'C', 'description': 'Sales', 'budget': '7000'}]
2025-01-23 15:44:59,970 - INFO - [SqlTool.py:73] - Connexion à la base de données fermée.
2025-01-23 15:44:59,973 - INFO - [SqlTool.py:57] - Début de l'exécution de la requête SQL : SELECT test_excel_for_program_items.item_number, test_excel_for_program_items.buyer, test_excel_for_program_items.quantity FROM test_excel_for_program_items;
2025-01-23 15:44:59,977 - INFO - [SqlTool.py:60] - Connecté à la base de données : /app/db/my_database.duckdb
2025-01-23 15:44:59,978 - INFO - [SqlTool.py:66] - Résultats de la requête SQL : [{'item_number': '101', 'buyer': 'Rogier', 'quantity': '5'}, {'item_number': '102', 'buyer': 'Jean', 'quantity': '10'}, {'item_number': '103', 'buyer': 'Marie', 'quantity': '15'}]
2025-01-23 15:44:59,979 - INFO - [SqlTool.py:73] - Connexion à la base de données fermée.
2025-01-23 16:21:27,902 - INFO - [SqlTool.py:79] - Début de la récupération du schéma de la base de données.
2025-01-23 16:21:27,909 - INFO - [SqlTool.py:83] - Tables trouvées dans la base de données : [('test_excel_for_program_items',), ('test_excel_for_program_orders',), ('test_excel_for_program_projects',)]
2025-01-23 16:21:27,909 - INFO - [SqlTool.py:93] - Schéma de la table 'test_excel_for_program_items': [{'name': 'item_number', 'type': 'VARCHAR'}, {'name': 'buyer', 'type': 'VARCHAR'}, {'name': 'quantity', 'type': 'VARCHAR'}]
2025-01-23 16:21:27,910 - INFO - [SqlTool.py:93] - Schéma de la table 'test_excel_for_program_orders': [{'name': 'order_id', 'type': 'VARCHAR'}, {'name': 'product', 'type': 'VARCHAR'}, {'name': 'price', 'type': 'VARCHAR'}]
2025-01-23 16:21:27,910 - INFO - [SqlTool.py:93] - Schéma de la table 'test_excel_for_program_projects': [{'name': 'project', 'type': 'VARCHAR'}, {'name': 'description', 'type': 'VARCHAR'}, {'name': 'budget', 'type': 'VARCHAR'}]
2025-01-23 16:21:27,915 - INFO - [SqlTool.py:79] - Début de la récupération du schéma de la base de données.
2025-01-23 16:21:27,921 - INFO - [SqlTool.py:83] - Tables trouvées dans la base de données : [('test_excel_for_program_items',), ('test_excel_for_program_orders',), ('test_excel_for_program_projects',)]
2025-01-23 16:21:27,922 - INFO - [SqlTool.py:93] - Schéma de la table 'test_excel_for_program_items': [{'name': 'item_number', 'type': 'VARCHAR'}, {'name': 'buyer', 'type': 'VARCHAR'}, {'name': 'quantity', 'type': 'VARCHAR'}]
2025-01-23 16:21:27,922 - INFO - [SqlTool.py:93] - Schéma de la table 'test_excel_for_program_orders': [{'name': 'order_id', 'type': 'VARCHAR'}, {'name': 'product', 'type': 'VARCHAR'}, {'name': 'price', 'type': 'VARCHAR'}]
2025-01-23 16:21:27,923 - INFO - [SqlTool.py:93] - Schéma de la table 'test_excel_for_program_projects': [{'name': 'project', 'type': 'VARCHAR'}, {'name': 'description', 'type': 'VARCHAR'}, {'name': 'budget', 'type': 'VARCHAR'}]
2025-01-23 16:50:45,834 - INFO - [SqlTool.py:79] - Début de la récupération du schéma de la base de données.
2025-01-23 16:50:45,840 - INFO - [SqlTool.py:83] - Tables trouvées dans la base de données : [('test_excel_for_program_items',), ('test_excel_for_program_orders',), ('test_excel_for_program_projects',)]
2025-01-23 16:50:45,840 - INFO - [SqlTool.py:93] - Schéma de la table 'test_excel_for_program_items': [{'name': 'item_number', 'type': 'VARCHAR'}, {'name': 'buyer', 'type': 'VARCHAR'}, {'name': 'quantity', 'type': 'VARCHAR'}]
2025-01-23 16:50:45,841 - INFO - [SqlTool.py:93] - Schéma de la table 'test_excel_for_program_orders': [{'name': 'order_id', 'type': 'VARCHAR'}, {'name': 'product', 'type': 'VARCHAR'}, {'name': 'price', 'type': 'VARCHAR'}]
2025-01-23 16:50:45,841 - INFO - [SqlTool.py:93] - Schéma de la table 'test_excel_for_program_projects': [{'name': 'project', 'type': 'VARCHAR'}, {'name': 'description', 'type': 'VARCHAR'}, {'name': 'budget', 'type': 'VARCHAR'}]
2025-01-23 16:50:45,846 - INFO - [SqlTool.py:79] - Début de la récupération du schéma de la base de données.
2025-01-23 16:50:45,853 - INFO - [SqlTool.py:83] - Tables trouvées dans la base de données : [('test_excel_for_program_items',), ('test_excel_for_program_orders',), ('test_excel_for_program_projects',)]
2025-01-23 16:50:45,854 - INFO - [SqlTool.py:93] - Schéma de la table 'test_excel_for_program_items': [{'name': 'item_number', 'type': 'VARCHAR'}, {'name': 'buyer', 'type': 'VARCHAR'}, {'name': 'quantity', 'type': 'VARCHAR'}]
2025-01-23 16:50:45,854 - INFO - [SqlTool.py:93] - Schéma de la table 'test_excel_for_program_orders': [{'name': 'order_id', 'type': 'VARCHAR'}, {'name': 'product', 'type': 'VARCHAR'}, {'name': 'price', 'type': 'VARCHAR'}]
2025-01-23 16:50:45,855 - INFO - [SqlTool.py:93] - Schéma de la table 'test_excel_for_program_projects': [{'name': 'project', 'type': 'VARCHAR'}, {'name': 'description', 'type': 'VARCHAR'}, {'name': 'budget', 'type': 'VARCHAR'}]
2025-01-23 16:51:54,070 - INFO - [SqlTool.py:57] - Début de l'exécution de la requête SQL : SELECT * FROM test_excel_for_program_orders;
2025-01-23 16:51:54,076 - INFO - [SqlTool.py:60] - Connecté à la base de données : /app/db/my_database.duckdb
2025-01-23 16:51:54,077 - INFO - [SqlTool.py:66] - Résultats de la requête SQL : [{'order_id': '201', 'product': 'Laptop', 'price': '1500'}, {'order_id': '202', 'product': 'Keyboard', 'price': '50'}, {'order_id': '203', 'product': 'Mouse', 'price': '30'}]
2025-01-23 16:51:54,078 - INFO - [SqlTool.py:73] - Connexion à la base de données fermée.
2025-01-23 16:51:54,083 - INFO - [SqlTool.py:57] - Début de l'exécution de la requête SQL : SELECT * FROM test_excel_for_program_items;
2025-01-23 16:51:54,088 - INFO - [SqlTool.py:60] - Connecté à la base de données : /app/db/my_database.duckdb
2025-01-23 16:51:54,089 - INFO - [SqlTool.py:66] - Résultats de la requête SQL : [{'item_number': '101', 'buyer': 'Rogier', 'quantity': '5'}, {'item_number': '102', 'buyer': 'Jean', 'quantity': '10'}, {'item_number': '103', 'buyer': 'Marie', 'quantity': '15'}]
2025-01-23 16:51:54,091 - INFO - [SqlTool.py:73] - Connexion à la base de données fermée.
2025-01-23 16:51:54,095 - INFO - [SqlTool.py:57] - Début de l'exécution de la requête SQL : SELECT * FROM test_excel_for_program_projects;
2025-01-23 16:51:54,099 - INFO - [SqlTool.py:60] - Connecté à la base de données : /app/db/my_database.duckdb
2025-01-23 16:51:54,100 - INFO - [SqlTool.py:66] - Résultats de la requête SQL : [{'project': 'A', 'description': 'Development', 'budget': '10000'}, {'project': 'B', 'description': 'Marketing', 'budget': '5000'}, {'project': 'C', 'description': 'Sales', 'budget': '7000'}]
2025-01-23 16:51:54,101 - INFO - [SqlTool.py:73] - Connexion à la base de données fermée.
2025-01-23 16:52:50,606 - INFO - [SqlTool.py:79] - Début de la récupération du schéma de la base de données.
2025-01-23 16:52:50,614 - INFO - [SqlTool.py:83] - Tables trouvées dans la base de données : [('test_excel_for_program_items',), ('test_excel_for_program_orders',), ('test_excel_for_program_projects',)]
2025-01-23 16:52:50,615 - INFO - [SqlTool.py:93] - Schéma de la table 'test_excel_for_program_items': [{'name': 'item_number', 'type': 'VARCHAR'}, {'name': 'buyer', 'type': 'VARCHAR'}, {'name': 'quantity', 'type': 'VARCHAR'}]
2025-01-23 16:52:50,615 - INFO - [SqlTool.py:93] - Schéma de la table 'test_excel_for_program_orders': [{'name': 'order_id', 'type': 'VARCHAR'}, {'name': 'product', 'type': 'VARCHAR'}, {'name': 'price', 'type': 'VARCHAR'}]
2025-01-23 16:52:50,616 - INFO - [SqlTool.py:93] - Schéma de la table 'test_excel_for_program_projects': [{'name': 'project', 'type': 'VARCHAR'}, {'name': 'description', 'type': 'VARCHAR'}, {'name': 'budget', 'type': 'VARCHAR'}]
2025-01-23 16:52:50,623 - INFO - [SqlTool.py:79] - Début de la récupération du schéma de la base de données.
2025-01-23 16:52:50,633 - INFO - [SqlTool.py:83] - Tables trouvées dans la base de données : [('test_excel_for_program_items',), ('test_excel_for_program_orders',), ('test_excel_for_program_projects',)]
2025-01-23 16:52:50,633 - INFO - [SqlTool.py:93] - Schéma de la table 'test_excel_for_program_items': [{'name': 'item_number', 'type': 'VARCHAR'}, {'name': 'buyer', 'type': 'VARCHAR'}, {'name': 'quantity', 'type': 'VARCHAR'}]
2025-01-23 16:52:50,633 - INFO - [SqlTool.py:93] - Schéma de la table 'test_excel_for_program_orders': [{'name': 'order_id', 'type': 'VARCHAR'}, {'name': 'product', 'type': 'VARCHAR'}, {'name': 'price', 'type': 'VARCHAR'}]
2025-01-23 16:52:50,634 - INFO - [SqlTool.py:93] - Schéma de la table 'test_excel_for_program_projects': [{'name': 'project', 'type': 'VARCHAR'}, {'name': 'description', 'type': 'VARCHAR'}, {'name': 'budget', 'type': 'VARCHAR'}]
2025-01-23 16:53:24,776 - INFO - [SqlTool.py:79] - Début de la récupération du schéma de la base de données.
2025-01-23 16:53:24,785 - INFO - [SqlTool.py:83] - Tables trouvées dans la base de données : [('test_excel_for_program_items',), ('test_excel_for_program_orders',), ('test_excel_for_program_projects',)]
2025-01-23 16:53:24,786 - INFO - [SqlTool.py:93] - Schéma de la table 'test_excel_for_program_items': [{'name': 'item_number', 'type': 'VARCHAR'}, {'name': 'buyer', 'type': 'VARCHAR'}, {'name': 'quantity', 'type': 'VARCHAR'}]
2025-01-23 16:53:24,786 - INFO - [SqlTool.py:93] - Schéma de la table 'test_excel_for_program_orders': [{'name': 'order_id', 'type': 'VARCHAR'}, {'name': 'product', 'type': 'VARCHAR'}, {'name': 'price', 'type': 'VARCHAR'}]
2025-01-23 16:53:24,786 - INFO - [SqlTool.py:93] - Schéma de la table 'test_excel_for_program_projects': [{'name': 'project', 'type': 'VARCHAR'}, {'name': 'description', 'type': 'VARCHAR'}, {'name': 'budget', 'type': 'VARCHAR'}]
2025-01-23 16:53:24,792 - INFO - [SqlTool.py:79] - Début de la récupération du schéma de la base de données.
2025-01-23 16:53:24,799 - INFO - [SqlTool.py:83] - Tables trouvées dans la base de données : [('test_excel_for_program_items',), ('test_excel_for_program_orders',), ('test_excel_for_program_projects',)]
2025-01-23 16:53:24,800 - INFO - [SqlTool.py:93] - Schéma de la table 'test_excel_for_program_items': [{'name': 'item_number', 'type': 'VARCHAR'}, {'name': 'buyer', 'type': 'VARCHAR'}, {'name': 'quantity', 'type': 'VARCHAR'}]
2025-01-23 16:53:24,800 - INFO - [SqlTool.py:93] - Schéma de la table 'test_excel_for_program_orders': [{'name': 'order_id', 'type': 'VARCHAR'}, {'name': 'product', 'type': 'VARCHAR'}, {'name': 'price', 'type': 'VARCHAR'}]
2025-01-23 16:53:24,800 - INFO - [SqlTool.py:93] - Schéma de la table 'test_excel_for_program_projects': [{'name': 'project', 'type': 'VARCHAR'}, {'name': 'description', 'type': 'VARCHAR'}, {'name': 'budget', 'type': 'VARCHAR'}]
2025-01-24 07:00:25,407 - INFO - [SqlTool.py:79] - Début de la récupération du schéma de la base de données.
2025-01-24 07:00:25,414 - INFO - [SqlTool.py:83] - Tables trouvées dans la base de données : [('test_excel_for_program_items',), ('test_excel_for_program_orders',), ('test_excel_for_program_projects',)]
2025-01-24 07:00:25,414 - INFO - [SqlTool.py:93] - Schéma de la table 'test_excel_for_program_items': [{'name': 'item_number', 'type': 'VARCHAR'}, {'name': 'buyer', 'type': 'VARCHAR'}, {'name': 'quantity', 'type': 'VARCHAR'}]
2025-01-24 07:00:25,414 - INFO - [SqlTool.py:93] - Schéma de la table 'test_excel_for_program_orders': [{'name': 'order_id', 'type': 'VARCHAR'}, {'name': 'product', 'type': 'VARCHAR'}, {'name': 'price', 'type': 'VARCHAR'}]
2025-01-24 07:00:25,415 - INFO - [SqlTool.py:93] - Schéma de la table 'test_excel_for_program_projects': [{'name': 'project', 'type': 'VARCHAR'}, {'name': 'description', 'type': 'VARCHAR'}, {'name': 'budget', 'type': 'VARCHAR'}]
2025-01-24 07:00:25,420 - INFO - [SqlTool.py:79] - Début de la récupération du schéma de la base de données.
2025-01-24 07:00:25,426 - INFO - [SqlTool.py:83] - Tables trouvées dans la base de données : [('test_excel_for_program_items',), ('test_excel_for_program_orders',), ('test_excel_for_program_projects',)]
2025-01-24 07:00:25,426 - INFO - [SqlTool.py:93] - Schéma de la table 'test_excel_for_program_items': [{'name': 'item_number', 'type': 'VARCHAR'}, {'name': 'buyer', 'type': 'VARCHAR'}, {'name': 'quantity', 'type': 'VARCHAR'}]
2025-01-24 07:00:25,426 - INFO - [SqlTool.py:93] - Schéma de la table 'test_excel_for_program_orders': [{'name': 'order_id', 'type': 'VARCHAR'}, {'name': 'product', 'type': 'VARCHAR'}, {'name': 'price', 'type': 'VARCHAR'}]
2025-01-24 07:00:25,427 - INFO - [SqlTool.py:93] - Schéma de la table 'test_excel_for_program_projects': [{'name': 'project', 'type': 'VARCHAR'}, {'name': 'description', 'type': 'VARCHAR'}, {'name': 'budget', 'type': 'VARCHAR'}]
2025-01-24 07:00:51,053 - INFO - [SqlTool.py:79] - Début de la récupération du schéma de la base de données.
2025-01-24 07:00:51,062 - INFO - [SqlTool.py:83] - Tables trouvées dans la base de données : [('test_excel_for_program_items',), ('test_excel_for_program_orders',), ('test_excel_for_program_projects',)]
2025-01-24 07:00:51,063 - INFO - [SqlTool.py:93] - Schéma de la table 'test_excel_for_program_items': [{'name': 'item_number', 'type': 'VARCHAR'}, {'name': 'buyer', 'type': 'VARCHAR'}, {'name': 'quantity', 'type': 'VARCHAR'}]
2025-01-24 07:00:51,063 - INFO - [SqlTool.py:93] - Schéma de la table 'test_excel_for_program_orders': [{'name': 'order_id', 'type': 'VARCHAR'}, {'name': 'product', 'type': 'VARCHAR'}, {'name': 'price', 'type': 'VARCHAR'}]
2025-01-24 07:00:51,064 - INFO - [SqlTool.py:93] - Schéma de la table 'test_excel_for_program_projects': [{'name': 'project', 'type': 'VARCHAR'}, {'name': 'description', 'type': 'VARCHAR'}, {'name': 'budget', 'type': 'VARCHAR'}]
2025-01-24 07:00:51,069 - INFO - [SqlTool.py:79] - Début de la récupération du schéma de la base de données.
2025-01-24 07:00:51,076 - INFO - [SqlTool.py:83] - Tables trouvées dans la base de données : [('test_excel_for_program_items',), ('test_excel_for_program_orders',), ('test_excel_for_program_projects',)]
2025-01-24 07:00:51,077 - INFO - [SqlTool.py:93] - Schéma de la table 'test_excel_for_program_items': [{'name': 'item_number', 'type': 'VARCHAR'}, {'name': 'buyer', 'type': 'VARCHAR'}, {'name': 'quantity', 'type': 'VARCHAR'}]
2025-01-24 07:00:51,077 - INFO - [SqlTool.py:93] - Schéma de la table 'test_excel_for_program_orders': [{'name': 'order_id', 'type': 'VARCHAR'}, {'name': 'product', 'type': 'VARCHAR'}, {'name': 'price', 'type': 'VARCHAR'}]
2025-01-24 07:00:51,078 - INFO - [SqlTool.py:93] - Schéma de la table 'test_excel_for_program_projects': [{'name': 'project', 'type': 'VARCHAR'}, {'name': 'description', 'type': 'VARCHAR'}, {'name': 'budget', 'type': 'VARCHAR'}]
2025-01-24 07:02:48,959 - INFO - [SqlTool.py:57] - Début de l'exécution de la requête SQL : SELECT test_excel_for_program_items.buyer, test_excel_for_program_items.quantity FROM test_excel_for_program_items;
2025-01-24 07:02:48,965 - INFO - [SqlTool.py:60] - Connecté à la base de données : /app/db/my_database.duckdb
2025-01-24 07:02:48,966 - INFO - [SqlTool.py:66] - Résultats de la requête SQL : [{'buyer': 'Rogier', 'quantity': '5'}, {'buyer': 'Jean', 'quantity': '10'}, {'buyer': 'Marie', 'quantity': '15'}]
2025-01-24 07:02:48,967 - INFO - [SqlTool.py:73] - Connexion à la base de données fermée.
2025-01-24 07:02:48,971 - INFO - [SqlTool.py:57] - Début de l'exécution de la requête SQL : SELECT test_excel_for_program_items.buyer, SUM(CAST(test_excel_for_program_items.quantity AS INTEGER)) AS total_quantity FROM test_excel_for_program_items GROUP BY test_excel_for_program_items.buyer;
2025-01-24 07:02:48,975 - INFO - [SqlTool.py:60] - Connecté à la base de données : /app/db/my_database.duckdb
2025-01-24 07:02:48,977 - INFO - [SqlTool.py:66] - Résultats de la requête SQL : [{'buyer': 'Rogier', 'total_quantity': 5}, {'buyer': 'Jean', 'total_quantity': 10}, {'buyer': 'Marie', 'total_quantity': 15}]
2025-01-24 07:02:48,978 - INFO - [SqlTool.py:73] - Connexion à la base de données fermée.
2025-01-24 07:04:51,297 - INFO - [SqlTool.py:79] - Début de la récupération du schéma de la base de données.
2025-01-24 07:04:51,308 - INFO - [SqlTool.py:83] - Tables trouvées dans la base de données : [('test_excel_for_program_items',), ('test_excel_for_program_orders',), ('test_excel_for_program_projects',)]
2025-01-24 07:04:51,308 - INFO - [SqlTool.py:93] - Schéma de la table 'test_excel_for_program_items': [{'name': 'item_number', 'type': 'VARCHAR'}, {'name': 'buyer', 'type': 'VARCHAR'}, {'name': 'quantity', 'type': 'VARCHAR'}]
2025-01-24 07:04:51,309 - INFO - [SqlTool.py:93] - Schéma de la table 'test_excel_for_program_orders': [{'name': 'order_id', 'type': 'VARCHAR'}, {'name': 'product', 'type': 'VARCHAR'}, {'name': 'price', 'type': 'VARCHAR'}]
2025-01-24 07:04:51,310 - INFO - [SqlTool.py:93] - Schéma de la table 'test_excel_for_program_projects': [{'name': 'project', 'type': 'VARCHAR'}, {'name': 'description', 'type': 'VARCHAR'}, {'name': 'budget', 'type': 'VARCHAR'}]
2025-01-24 07:04:51,316 - INFO - [SqlTool.py:79] - Début de la récupération du schéma de la base de données.
2025-01-24 07:04:51,324 - INFO - [SqlTool.py:83] - Tables trouvées dans la base de données : [('test_excel_for_program_items',), ('test_excel_for_program_orders',), ('test_excel_for_program_projects',)]
2025-01-24 07:04:51,325 - INFO - [SqlTool.py:93] - Schéma de la table 'test_excel_for_program_items': [{'name': 'item_number', 'type': 'VARCHAR'}, {'name': 'buyer', 'type': 'VARCHAR'}, {'name': 'quantity', 'type': 'VARCHAR'}]
2025-01-24 07:04:51,325 - INFO - [SqlTool.py:93] - Schéma de la table 'test_excel_for_program_orders': [{'name': 'order_id', 'type': 'VARCHAR'}, {'name': 'product', 'type': 'VARCHAR'}, {'name': 'price', 'type': 'VARCHAR'}]
2025-01-24 07:04:51,326 - INFO - [SqlTool.py:93] - Schéma de la table 'test_excel_for_program_projects': [{'name': 'project', 'type': 'VARCHAR'}, {'name': 'description', 'type': 'VARCHAR'}, {'name': 'budget', 'type': 'VARCHAR'}]
2025-01-24 07:05:50,947 - INFO - [SqlTool.py:79] - Début de la récupération du schéma de la base de données.
2025-01-24 07:05:50,957 - INFO - [SqlTool.py:83] - Tables trouvées dans la base de données : [('test_excel_for_program_items',), ('test_excel_for_program_orders',), ('test_excel_for_program_projects',)]
2025-01-24 07:05:50,958 - INFO - [SqlTool.py:93] - Schéma de la table 'test_excel_for_program_items': [{'name': 'item_number', 'type': 'VARCHAR'}, {'name': 'buyer', 'type': 'VARCHAR'}, {'name': 'quantity', 'type': 'VARCHAR'}]
2025-01-24 07:05:50,959 - INFO - [SqlTool.py:93] - Schéma de la table 'test_excel_for_program_orders': [{'name': 'order_id', 'type': 'VARCHAR'}, {'name': 'product', 'type': 'VARCHAR'}, {'name': 'price', 'type': 'VARCHAR'}]
2025-01-24 07:05:50,960 - INFO - [SqlTool.py:93] - Schéma de la table 'test_excel_for_program_projects': [{'name': 'project', 'type': 'VARCHAR'}, {'name': 'description', 'type': 'VARCHAR'}, {'name': 'budget', 'type': 'VARCHAR'}]
2025-01-24 07:05:50,968 - INFO - [SqlTool.py:79] - Début de la récupération du schéma de la base de données.
2025-01-24 07:05:50,977 - INFO - [SqlTool.py:83] - Tables trouvées dans la base de données : [('test_excel_for_program_items',), ('test_excel_for_program_orders',), ('test_excel_for_program_projects',)]
2025-01-24 07:05:50,977 - INFO - [SqlTool.py:93] - Schéma de la table 'test_excel_for_program_items': [{'name': 'item_number', 'type': 'VARCHAR'}, {'name': 'buyer', 'type': 'VARCHAR'}, {'name': 'quantity', 'type': 'VARCHAR'}]
2025-01-24 07:05:50,978 - INFO - [SqlTool.py:93] - Schéma de la table 'test_excel_for_program_orders': [{'name': 'order_id', 'type': 'VARCHAR'}, {'name': 'product', 'type': 'VARCHAR'}, {'name': 'price', 'type': 'VARCHAR'}]
2025-01-24 07:05:50,979 - INFO - [SqlTool.py:93] - Schéma de la table 'test_excel_for_program_projects': [{'name': 'project', 'type': 'VARCHAR'}, {'name': 'description', 'type': 'VARCHAR'}, {'name': 'budget', 'type': 'VARCHAR'}]
2025-01-24 07:07:49,495 - INFO - [SqlTool.py:57] - Début de l'exécution de la requête SQL : SELECT test_excel_for_program_items.buyer, SUM(test_excel_for_program_items.quantity) AS total_quantity FROM test_excel_for_program_items GROUP BY test_excel_for_program_items.buyer;
2025-01-24 07:07:49,501 - INFO - [SqlTool.py:60] - Connecté à la base de données : /app/db/my_database.duckdb
2025-01-24 07:07:49,503 - ERROR - [SqlTool.py:69] - Erreur lors de l'exécution de la requête SQL : Binder Error: No function matches the given name and argument types 'sum(VARCHAR)'. You might need to add explicit type casts.
	Candidate functions:
	sum(DECIMAL) -> DECIMAL
	sum(SMALLINT) -> HUGEINT
	sum(INTEGER) -> HUGEINT
	sum(BIGINT) -> HUGEINT
	sum(HUGEINT) -> HUGEINT
	sum(DOUBLE) -> DOUBLE

LINE 1: ...CT test_excel_for_program_items.buyer, SUM(test_excel_for_program_items.quanti...
                                                  ^
2025-01-24 07:07:49,505 - INFO - [SqlTool.py:73] - Connexion à la base de données fermée.
2025-01-24 08:19:07,635 - INFO - [SqlTool.py:79] - Début de la récupération du schéma de la base de données.
2025-01-24 08:19:07,648 - INFO - [SqlTool.py:83] - Tables trouvées dans la base de données : [('test_excel_for_program_items',), ('test_excel_for_program_orders',), ('test_excel_for_program_projects',)]
2025-01-24 08:19:07,648 - INFO - [SqlTool.py:93] - Schéma de la table 'test_excel_for_program_items': [{'name': 'item_number', 'type': 'VARCHAR'}, {'name': 'buyer', 'type': 'VARCHAR'}, {'name': 'quantity', 'type': 'VARCHAR'}]
2025-01-24 08:19:07,649 - INFO - [SqlTool.py:93] - Schéma de la table 'test_excel_for_program_orders': [{'name': 'order_id', 'type': 'VARCHAR'}, {'name': 'product', 'type': 'VARCHAR'}, {'name': 'price', 'type': 'VARCHAR'}]
2025-01-24 08:19:07,649 - INFO - [SqlTool.py:93] - Schéma de la table 'test_excel_for_program_projects': [{'name': 'project', 'type': 'VARCHAR'}, {'name': 'description', 'type': 'VARCHAR'}, {'name': 'budget', 'type': 'VARCHAR'}]
2025-01-24 08:22:41,998 - INFO - [SqlTool.py:79] - Début de la récupération du schéma de la base de données.
2025-01-24 08:22:42,015 - INFO - [SqlTool.py:83] - Tables trouvées dans la base de données : [('test_excel_for_program_items',), ('test_excel_for_program_orders',), ('test_excel_for_program_projects',)]
2025-01-24 08:22:42,015 - INFO - [SqlTool.py:93] - Schéma de la table 'test_excel_for_program_items': [{'name': 'item_number', 'type': 'VARCHAR'}, {'name': 'buyer', 'type': 'VARCHAR'}, {'name': 'quantity', 'type': 'VARCHAR'}]
2025-01-24 08:22:42,015 - INFO - [SqlTool.py:93] - Schéma de la table 'test_excel_for_program_orders': [{'name': 'order_id', 'type': 'VARCHAR'}, {'name': 'product', 'type': 'VARCHAR'}, {'name': 'price', 'type': 'VARCHAR'}]
2025-01-24 08:22:42,015 - INFO - [SqlTool.py:93] - Schéma de la table 'test_excel_for_program_projects': [{'name': 'project', 'type': 'VARCHAR'}, {'name': 'description', 'type': 'VARCHAR'}, {'name': 'budget', 'type': 'VARCHAR'}]
2025-01-24 09:10:46,280 - INFO - [SqlTool.py:79] - Début de la récupération du schéma de la base de données.
2025-01-24 09:10:46,293 - INFO - [SqlTool.py:83] - Tables trouvées dans la base de données : [('test_excel_for_program_items',), ('test_excel_for_program_orders',), ('test_excel_for_program_projects',)]
2025-01-24 09:10:46,293 - INFO - [SqlTool.py:93] - Schéma de la table 'test_excel_for_program_items': [{'name': 'item_number', 'type': 'VARCHAR'}, {'name': 'buyer', 'type': 'VARCHAR'}, {'name': 'quantity', 'type': 'VARCHAR'}]
2025-01-24 09:10:46,293 - INFO - [SqlTool.py:93] - Schéma de la table 'test_excel_for_program_orders': [{'name': 'order_id', 'type': 'VARCHAR'}, {'name': 'product', 'type': 'VARCHAR'}, {'name': 'price', 'type': 'VARCHAR'}]
2025-01-24 09:10:46,293 - INFO - [SqlTool.py:93] - Schéma de la table 'test_excel_for_program_projects': [{'name': 'project', 'type': 'VARCHAR'}, {'name': 'description', 'type': 'VARCHAR'}, {'name': 'budget', 'type': 'VARCHAR'}]
2025-01-24 09:11:08,263 - INFO - [SqlTool.py:79] - Début de la récupération du schéma de la base de données.
2025-01-24 09:11:08,277 - INFO - [SqlTool.py:83] - Tables trouvées dans la base de données : [('test_excel_for_program_items',), ('test_excel_for_program_orders',), ('test_excel_for_program_projects',)]
2025-01-24 09:11:08,277 - INFO - [SqlTool.py:93] - Schéma de la table 'test_excel_for_program_items': [{'name': 'item_number', 'type': 'VARCHAR'}, {'name': 'buyer', 'type': 'VARCHAR'}, {'name': 'quantity', 'type': 'VARCHAR'}]
2025-01-24 09:11:08,277 - INFO - [SqlTool.py:93] - Schéma de la table 'test_excel_for_program_orders': [{'name': 'order_id', 'type': 'VARCHAR'}, {'name': 'product', 'type': 'VARCHAR'}, {'name': 'price', 'type': 'VARCHAR'}]
2025-01-24 09:11:08,277 - INFO - [SqlTool.py:93] - Schéma de la table 'test_excel_for_program_projects': [{'name': 'project', 'type': 'VARCHAR'}, {'name': 'description', 'type': 'VARCHAR'}, {'name': 'budget', 'type': 'VARCHAR'}]
2025-01-24 09:15:26,797 - INFO - [SqlTool.py:57] - Début de l'exécution de la requête SQL : SELECT test_excel_for_program_items.buyer, test_excel_for_program_items.quantity FROM test_excel_for_program_items;
2025-01-24 09:15:26,806 - INFO - [SqlTool.py:60] - Connecté à la base de données : ./db/my_database.duckdb
2025-01-24 09:15:26,808 - INFO - [SqlTool.py:66] - Résultats de la requête SQL : [{'buyer': 'Rogier', 'quantity': '5'}, {'buyer': 'Jean', 'quantity': '10'}, {'buyer': 'Marie', 'quantity': '15'}]
2025-01-24 09:15:26,809 - INFO - [SqlTool.py:73] - Connexion à la base de données fermée.
2025-01-24 09:15:26,810 - INFO - [SqlTool.py:57] - Début de l'exécution de la requête SQL : SELECT test_excel_for_program_items.buyer, SUM(test_excel_for_program_items.quantity) AS total_quantity FROM test_excel_for_program_items GROUP BY test_excel_for_program_items.buyer;
2025-01-24 09:15:26,813 - INFO - [SqlTool.py:60] - Connecté à la base de données : ./db/my_database.duckdb
2025-01-24 09:15:26,817 - ERROR - [SqlTool.py:69] - Erreur lors de l'exécution de la requête SQL : Binder Error: No function matches the given name and argument types 'sum(VARCHAR)'. You might need to add explicit type casts.
	Candidate functions:
	sum(DECIMAL) -> DECIMAL
	sum(SMALLINT) -> HUGEINT
	sum(INTEGER) -> HUGEINT
	sum(BIGINT) -> HUGEINT
	sum(HUGEINT) -> HUGEINT
	sum(DOUBLE) -> DOUBLE

LINE 1: ...CT test_excel_for_program_items.buyer, SUM(test_excel_for_program_items.quanti...
                                                  ^
2025-01-24 09:15:26,818 - INFO - [SqlTool.py:73] - Connexion à la base de données fermée.
2025-01-24 08:43:17,987 - INFO - [SqlTool.py:79] - Début de la récupération du schéma de la base de données.
2025-01-24 08:43:17,994 - INFO - [SqlTool.py:83] - Tables trouvées dans la base de données : []
2025-01-24 08:43:17,999 - INFO - [SqlTool.py:79] - Début de la récupération du schéma de la base de données.
2025-01-24 08:43:18,006 - INFO - [SqlTool.py:83] - Tables trouvées dans la base de données : []
2025-01-24 08:55:19,533 - INFO - [SqlTool.py:79] - Début de la récupération du schéma de la base de données.
2025-01-24 08:55:19,553 - INFO - [SqlTool.py:83] - Tables trouvées dans la base de données : []
2025-01-24 08:55:19,560 - INFO - [SqlTool.py:79] - Début de la récupération du schéma de la base de données.
2025-01-24 08:55:19,570 - INFO - [SqlTool.py:83] - Tables trouvées dans la base de données : []
2025-01-24 09:01:58,247 - INFO - [SqlTool.py:79] - Début de la récupération du schéma de la base de données.
2025-01-24 09:01:58,255 - INFO - [SqlTool.py:83] - Tables trouvées dans la base de données : [('test_excel_for_program_items',), ('test_excel_for_program_orders',), ('test_excel_for_program_projects',)]
2025-01-24 09:01:58,256 - INFO - [SqlTool.py:93] - Schéma de la table 'test_excel_for_program_items': [{'name': 'item_number', 'type': 'VARCHAR'}, {'name': 'buyer', 'type': 'VARCHAR'}, {'name': 'quantity', 'type': 'VARCHAR'}]
2025-01-24 09:01:58,256 - INFO - [SqlTool.py:93] - Schéma de la table 'test_excel_for_program_orders': [{'name': 'order_id', 'type': 'VARCHAR'}, {'name': 'product', 'type': 'VARCHAR'}, {'name': 'price', 'type': 'VARCHAR'}]
2025-01-24 09:01:58,257 - INFO - [SqlTool.py:93] - Schéma de la table 'test_excel_for_program_projects': [{'name': 'project', 'type': 'VARCHAR'}, {'name': 'description', 'type': 'VARCHAR'}, {'name': 'budget', 'type': 'VARCHAR'}]
2025-01-24 09:01:58,262 - INFO - [SqlTool.py:79] - Début de la récupération du schéma de la base de données.
2025-01-24 09:01:58,268 - INFO - [SqlTool.py:83] - Tables trouvées dans la base de données : [('test_excel_for_program_items',), ('test_excel_for_program_orders',), ('test_excel_for_program_projects',)]
2025-01-24 09:01:58,269 - INFO - [SqlTool.py:93] - Schéma de la table 'test_excel_for_program_items': [{'name': 'item_number', 'type': 'VARCHAR'}, {'name': 'buyer', 'type': 'VARCHAR'}, {'name': 'quantity', 'type': 'VARCHAR'}]
2025-01-24 09:01:58,269 - INFO - [SqlTool.py:93] - Schéma de la table 'test_excel_for_program_orders': [{'name': 'order_id', 'type': 'VARCHAR'}, {'name': 'product', 'type': 'VARCHAR'}, {'name': 'price', 'type': 'VARCHAR'}]
2025-01-24 09:01:58,270 - INFO - [SqlTool.py:93] - Schéma de la table 'test_excel_for_program_projects': [{'name': 'project', 'type': 'VARCHAR'}, {'name': 'description', 'type': 'VARCHAR'}, {'name': 'budget', 'type': 'VARCHAR'}]
2025-01-24 09:06:16,436 - INFO - [SqlTool.py:57] - Début de l'exécution de la requête SQL : SELECT test_excel_for_program_items.buyer, SUM(CAST(test_excel_for_program_items.quantity AS INTEGER)) AS total_quantity FROM test_excel_for_program_items GROUP BY test_excel_for_program_items.buyer;
2025-01-24 09:06:16,453 - INFO - [SqlTool.py:60] - Connecté à la base de données : /app/db/my_database.duckdb
2025-01-24 09:06:16,470 - INFO - [SqlTool.py:66] - Résultats de la requête SQL : [{'buyer': 'Rogier', 'total_quantity': 5}, {'buyer': 'Jean', 'total_quantity': 10}, {'buyer': 'Marie', 'total_quantity': 15}]
2025-01-24 09:06:16,472 - INFO - [SqlTool.py:73] - Connexion à la base de données fermée.
2025-01-24 09:06:16,476 - INFO - [SqlTool.py:57] - Début de l'exécution de la requête SQL : SELECT test_excel_for_program_items.buyer, test_excel_for_program_items.quantity FROM test_excel_for_program_items;
2025-01-24 09:06:16,481 - INFO - [SqlTool.py:60] - Connecté à la base de données : /app/db/my_database.duckdb
2025-01-24 09:06:16,482 - INFO - [SqlTool.py:66] - Résultats de la requête SQL : [{'buyer': 'Rogier', 'quantity': '5'}, {'buyer': 'Jean', 'quantity': '10'}, {'buyer': 'Marie', 'quantity': '15'}]
2025-01-24 09:06:16,483 - INFO - [SqlTool.py:73] - Connexion à la base de données fermée.
2025-01-30 07:26:03,748 - INFO - [SqlTool.py:89] - Début de la récupération du schéma de la base de données.
2025-01-30 07:26:03,768 - INFO - [SqlTool.py:93] - Tables trouvées dans la base de données : []
2025-01-30 07:26:03,774 - INFO - [SqlTool.py:89] - Début de la récupération du schéma de la base de données.
2025-01-30 07:26:03,783 - INFO - [SqlTool.py:93] - Tables trouvées dans la base de données : []
2025-01-30 09:24:56,055 - INFO - [SqlTool.py:89] - Début de la récupération du schéma de la base de données.
2025-01-30 09:24:56,066 - INFO - [SqlTool.py:93] - Tables trouvées dans la base de données : [('b5e47f4a_3265_43fa_953c_c8b26bdf8c5b_test_excel_for_program_items',), ('b5e47f4a_3265_43fa_953c_c8b26bdf8c5b_test_excel_for_program_orders',), ('b5e47f4a_3265_43fa_953c_c8b26bdf8c5b_test_excel_for_program_projects',)]
2025-01-30 09:24:56,067 - INFO - [SqlTool.py:103] - Schéma de la table 'b5e47f4a_3265_43fa_953c_c8b26bdf8c5b_test_excel_for_program_items': [{'name': 'item_number', 'type': 'VARCHAR'}, {'name': 'buyer', 'type': 'VARCHAR'}, {'name': 'quantity', 'type': 'VARCHAR'}]
2025-01-30 09:24:56,068 - INFO - [SqlTool.py:103] - Schéma de la table 'b5e47f4a_3265_43fa_953c_c8b26bdf8c5b_test_excel_for_program_orders': [{'name': 'order_id', 'type': 'VARCHAR'}, {'name': 'product', 'type': 'VARCHAR'}, {'name': 'price', 'type': 'VARCHAR'}]
2025-01-30 09:24:56,068 - INFO - [SqlTool.py:103] - Schéma de la table 'b5e47f4a_3265_43fa_953c_c8b26bdf8c5b_test_excel_for_program_projects': [{'name': 'project', 'type': 'VARCHAR'}, {'name': 'description', 'type': 'VARCHAR'}, {'name': 'budget', 'type': 'VARCHAR'}]
2025-01-30 09:24:56,076 - INFO - [SqlTool.py:89] - Début de la récupération du schéma de la base de données.
2025-01-30 09:24:56,086 - INFO - [SqlTool.py:93] - Tables trouvées dans la base de données : [('b5e47f4a_3265_43fa_953c_c8b26bdf8c5b_test_excel_for_program_items',), ('b5e47f4a_3265_43fa_953c_c8b26bdf8c5b_test_excel_for_program_orders',), ('b5e47f4a_3265_43fa_953c_c8b26bdf8c5b_test_excel_for_program_projects',)]
2025-01-30 09:24:56,087 - INFO - [SqlTool.py:103] - Schéma de la table 'b5e47f4a_3265_43fa_953c_c8b26bdf8c5b_test_excel_for_program_items': [{'name': 'item_number', 'type': 'VARCHAR'}, {'name': 'buyer', 'type': 'VARCHAR'}, {'name': 'quantity', 'type': 'VARCHAR'}]
2025-01-30 09:24:56,087 - INFO - [SqlTool.py:103] - Schéma de la table 'b5e47f4a_3265_43fa_953c_c8b26bdf8c5b_test_excel_for_program_orders': [{'name': 'order_id', 'type': 'VARCHAR'}, {'name': 'product', 'type': 'VARCHAR'}, {'name': 'price', 'type': 'VARCHAR'}]
2025-01-30 09:24:56,088 - INFO - [SqlTool.py:103] - Schéma de la table 'b5e47f4a_3265_43fa_953c_c8b26bdf8c5b_test_excel_for_program_projects': [{'name': 'project', 'type': 'VARCHAR'}, {'name': 'description', 'type': 'VARCHAR'}, {'name': 'budget', 'type': 'VARCHAR'}]
2025-01-30 09:29:07,921 - INFO - [SqlTool.py:66] - Début de l'exécution de la requête SQL : SELECT * FROM b5e47f4a_3265_43fa_953c_c8b26bdf8c5b_test_excel_for_program_projects;
2025-01-30 09:29:07,972 - INFO - [SqlTool.py:69] - Connecté à la base de données : /app/db/my_database.duckdb
2025-01-30 09:29:07,980 - INFO - [SqlTool.py:75] - Résultats de la requête SQL : [{'project': 'A', 'description': 'Development', 'budget': '10000'}, {'project': 'B', 'description': 'Marketing', 'budget': '5000'}, {'project': 'C', 'description': 'Sales', 'budget': '7000'}]
2025-01-30 09:29:07,982 - INFO - [SqlTool.py:82] - Connexion à la base de données fermée.
2025-01-30 09:29:07,987 - INFO - [SqlTool.py:66] - Début de l'exécution de la requête SQL : SELECT * FROM b5e47f4a_3265_43fa_953c_c8b26bdf8c5b_test_excel_for_program_items;
2025-01-30 09:29:07,990 - INFO - [SqlTool.py:69] - Connecté à la base de données : /app/db/my_database.duckdb
2025-01-30 09:29:07,991 - INFO - [SqlTool.py:75] - Résultats de la requête SQL : [{'item_number': '101', 'buyer': 'Rogier', 'quantity': '5'}, {'item_number': '102', 'buyer': 'Jean', 'quantity': '10'}, {'item_number': '103', 'buyer': 'Marie', 'quantity': '15'}]
2025-01-30 09:29:07,992 - INFO - [SqlTool.py:82] - Connexion à la base de données fermée.
2025-01-30 09:29:07,995 - INFO - [SqlTool.py:66] - Début de l'exécution de la requête SQL : SELECT * FROM b5e47f4a_3265_43fa_953c_c8b26bdf8c5b_test_excel_for_program_orders;
2025-01-30 09:29:07,999 - INFO - [SqlTool.py:69] - Connecté à la base de données : /app/db/my_database.duckdb
2025-01-30 09:29:08,000 - INFO - [SqlTool.py:75] - Résultats de la requête SQL : [{'order_id': '201', 'product': 'Laptop', 'price': '1500'}, {'order_id': '202', 'product': 'Keyboard', 'price': '50'}, {'order_id': '203', 'product': 'Mouse', 'price': '30'}]
2025-01-30 09:29:08,001 - INFO - [SqlTool.py:82] - Connexion à la base de données fermée.
2025-01-30 09:34:41,694 - INFO - [SqlTool.py:89] - Début de la récupération du schéma de la base de données.
2025-01-30 09:34:41,703 - INFO - [SqlTool.py:93] - Tables trouvées dans la base de données : [('b5e47f4a_3265_43fa_953c_c8b26bdf8c5b_test_excel_for_program_items',), ('b5e47f4a_3265_43fa_953c_c8b26bdf8c5b_test_excel_for_program_orders',), ('b5e47f4a_3265_43fa_953c_c8b26bdf8c5b_test_excel_for_program_projects',)]
2025-01-30 09:34:41,703 - INFO - [SqlTool.py:103] - Schéma de la table 'b5e47f4a_3265_43fa_953c_c8b26bdf8c5b_test_excel_for_program_items': [{'name': 'item_number', 'type': 'VARCHAR'}, {'name': 'buyer', 'type': 'VARCHAR'}, {'name': 'quantity', 'type': 'VARCHAR'}]
2025-01-30 09:34:41,703 - INFO - [SqlTool.py:103] - Schéma de la table 'b5e47f4a_3265_43fa_953c_c8b26bdf8c5b_test_excel_for_program_orders': [{'name': 'order_id', 'type': 'VARCHAR'}, {'name': 'product', 'type': 'VARCHAR'}, {'name': 'price', 'type': 'VARCHAR'}]
2025-01-30 09:34:41,704 - INFO - [SqlTool.py:103] - Schéma de la table 'b5e47f4a_3265_43fa_953c_c8b26bdf8c5b_test_excel_for_program_projects': [{'name': 'project', 'type': 'VARCHAR'}, {'name': 'description', 'type': 'VARCHAR'}, {'name': 'budget', 'type': 'VARCHAR'}]
2025-01-30 09:34:41,709 - INFO - [SqlTool.py:89] - Début de la récupération du schéma de la base de données.
2025-01-30 09:34:41,715 - INFO - [SqlTool.py:93] - Tables trouvées dans la base de données : [('b5e47f4a_3265_43fa_953c_c8b26bdf8c5b_test_excel_for_program_items',), ('b5e47f4a_3265_43fa_953c_c8b26bdf8c5b_test_excel_for_program_orders',), ('b5e47f4a_3265_43fa_953c_c8b26bdf8c5b_test_excel_for_program_projects',)]
2025-01-30 09:34:41,715 - INFO - [SqlTool.py:103] - Schéma de la table 'b5e47f4a_3265_43fa_953c_c8b26bdf8c5b_test_excel_for_program_items': [{'name': 'item_number', 'type': 'VARCHAR'}, {'name': 'buyer', 'type': 'VARCHAR'}, {'name': 'quantity', 'type': 'VARCHAR'}]
2025-01-30 09:34:41,716 - INFO - [SqlTool.py:103] - Schéma de la table 'b5e47f4a_3265_43fa_953c_c8b26bdf8c5b_test_excel_for_program_orders': [{'name': 'order_id', 'type': 'VARCHAR'}, {'name': 'product', 'type': 'VARCHAR'}, {'name': 'price', 'type': 'VARCHAR'}]
2025-01-30 09:34:41,716 - INFO - [SqlTool.py:103] - Schéma de la table 'b5e47f4a_3265_43fa_953c_c8b26bdf8c5b_test_excel_for_program_projects': [{'name': 'project', 'type': 'VARCHAR'}, {'name': 'description', 'type': 'VARCHAR'}, {'name': 'budget', 'type': 'VARCHAR'}]
2025-01-30 09:39:57,632 - INFO - [SqlTool.py:89] - Début de la récupération du schéma de la base de données.
2025-01-30 09:39:57,642 - INFO - [SqlTool.py:93] - Tables trouvées dans la base de données : [('b5e47f4a_3265_43fa_953c_c8b26bdf8c5b_test_excel_for_program_items',), ('b5e47f4a_3265_43fa_953c_c8b26bdf8c5b_test_excel_for_program_orders',), ('b5e47f4a_3265_43fa_953c_c8b26bdf8c5b_test_excel_for_program_projects',)]
2025-01-30 09:39:57,643 - INFO - [SqlTool.py:103] - Schéma de la table 'b5e47f4a_3265_43fa_953c_c8b26bdf8c5b_test_excel_for_program_items': [{'name': 'item_number', 'type': 'VARCHAR'}, {'name': 'buyer', 'type': 'VARCHAR'}, {'name': 'quantity', 'type': 'VARCHAR'}]
2025-01-30 09:39:57,643 - INFO - [SqlTool.py:103] - Schéma de la table 'b5e47f4a_3265_43fa_953c_c8b26bdf8c5b_test_excel_for_program_orders': [{'name': 'order_id', 'type': 'VARCHAR'}, {'name': 'product', 'type': 'VARCHAR'}, {'name': 'price', 'type': 'VARCHAR'}]
2025-01-30 09:39:57,644 - INFO - [SqlTool.py:103] - Schéma de la table 'b5e47f4a_3265_43fa_953c_c8b26bdf8c5b_test_excel_for_program_projects': [{'name': 'project', 'type': 'VARCHAR'}, {'name': 'description', 'type': 'VARCHAR'}, {'name': 'budget', 'type': 'VARCHAR'}]
2025-01-30 09:39:57,648 - INFO - [SqlTool.py:89] - Début de la récupération du schéma de la base de données.
2025-01-30 09:39:57,655 - INFO - [SqlTool.py:93] - Tables trouvées dans la base de données : [('b5e47f4a_3265_43fa_953c_c8b26bdf8c5b_test_excel_for_program_items',), ('b5e47f4a_3265_43fa_953c_c8b26bdf8c5b_test_excel_for_program_orders',), ('b5e47f4a_3265_43fa_953c_c8b26bdf8c5b_test_excel_for_program_projects',)]
2025-01-30 09:39:57,656 - INFO - [SqlTool.py:103] - Schéma de la table 'b5e47f4a_3265_43fa_953c_c8b26bdf8c5b_test_excel_for_program_items': [{'name': 'item_number', 'type': 'VARCHAR'}, {'name': 'buyer', 'type': 'VARCHAR'}, {'name': 'quantity', 'type': 'VARCHAR'}]
2025-01-30 09:39:57,656 - INFO - [SqlTool.py:103] - Schéma de la table 'b5e47f4a_3265_43fa_953c_c8b26bdf8c5b_test_excel_for_program_orders': [{'name': 'order_id', 'type': 'VARCHAR'}, {'name': 'product', 'type': 'VARCHAR'}, {'name': 'price', 'type': 'VARCHAR'}]
2025-01-30 09:39:57,656 - INFO - [SqlTool.py:103] - Schéma de la table 'b5e47f4a_3265_43fa_953c_c8b26bdf8c5b_test_excel_for_program_projects': [{'name': 'project', 'type': 'VARCHAR'}, {'name': 'description', 'type': 'VARCHAR'}, {'name': 'budget', 'type': 'VARCHAR'}]
2025-01-30 09:45:40,867 - INFO - [SqlTool.py:89] - Début de la récupération du schéma de la base de données.
2025-01-30 09:45:40,881 - INFO - [SqlTool.py:93] - Tables trouvées dans la base de données : [('b5e47f4a_3265_43fa_953c_c8b26bdf8c5b_test_excel_for_program_items',), ('b5e47f4a_3265_43fa_953c_c8b26bdf8c5b_test_excel_for_program_orders',), ('b5e47f4a_3265_43fa_953c_c8b26bdf8c5b_test_excel_for_program_projects',)]
2025-01-30 09:45:40,882 - INFO - [SqlTool.py:103] - Schéma de la table 'b5e47f4a_3265_43fa_953c_c8b26bdf8c5b_test_excel_for_program_items': [{'name': 'item_number', 'type': 'VARCHAR'}, {'name': 'buyer', 'type': 'VARCHAR'}, {'name': 'quantity', 'type': 'VARCHAR'}]
2025-01-30 09:45:40,883 - INFO - [SqlTool.py:103] - Schéma de la table 'b5e47f4a_3265_43fa_953c_c8b26bdf8c5b_test_excel_for_program_orders': [{'name': 'order_id', 'type': 'VARCHAR'}, {'name': 'product', 'type': 'VARCHAR'}, {'name': 'price', 'type': 'VARCHAR'}]
2025-01-30 09:45:40,884 - INFO - [SqlTool.py:103] - Schéma de la table 'b5e47f4a_3265_43fa_953c_c8b26bdf8c5b_test_excel_for_program_projects': [{'name': 'project', 'type': 'VARCHAR'}, {'name': 'description', 'type': 'VARCHAR'}, {'name': 'budget', 'type': 'VARCHAR'}]
2025-01-30 09:45:40,892 - INFO - [SqlTool.py:89] - Début de la récupération du schéma de la base de données.
2025-01-30 09:45:40,902 - INFO - [SqlTool.py:93] - Tables trouvées dans la base de données : [('b5e47f4a_3265_43fa_953c_c8b26bdf8c5b_test_excel_for_program_items',), ('b5e47f4a_3265_43fa_953c_c8b26bdf8c5b_test_excel_for_program_orders',), ('b5e47f4a_3265_43fa_953c_c8b26bdf8c5b_test_excel_for_program_projects',)]
2025-01-30 09:45:40,903 - INFO - [SqlTool.py:103] - Schéma de la table 'b5e47f4a_3265_43fa_953c_c8b26bdf8c5b_test_excel_for_program_items': [{'name': 'item_number', 'type': 'VARCHAR'}, {'name': 'buyer', 'type': 'VARCHAR'}, {'name': 'quantity', 'type': 'VARCHAR'}]
2025-01-30 09:45:40,904 - INFO - [SqlTool.py:103] - Schéma de la table 'b5e47f4a_3265_43fa_953c_c8b26bdf8c5b_test_excel_for_program_orders': [{'name': 'order_id', 'type': 'VARCHAR'}, {'name': 'product', 'type': 'VARCHAR'}, {'name': 'price', 'type': 'VARCHAR'}]
2025-01-30 09:45:40,904 - INFO - [SqlTool.py:103] - Schéma de la table 'b5e47f4a_3265_43fa_953c_c8b26bdf8c5b_test_excel_for_program_projects': [{'name': 'project', 'type': 'VARCHAR'}, {'name': 'description', 'type': 'VARCHAR'}, {'name': 'budget', 'type': 'VARCHAR'}]
2025-01-30 09:53:54,667 - INFO - [SqlTool.py:89] - Début de la récupération du schéma de la base de données.
2025-01-30 09:53:54,682 - INFO - [SqlTool.py:93] - Tables trouvées dans la base de données : [('b5e47f4a_3265_43fa_953c_c8b26bdf8c5b_test_excel_for_program_items',), ('b5e47f4a_3265_43fa_953c_c8b26bdf8c5b_test_excel_for_program_orders',), ('b5e47f4a_3265_43fa_953c_c8b26bdf8c5b_test_excel_for_program_projects',)]
2025-01-30 09:53:54,682 - INFO - [SqlTool.py:103] - Schéma de la table 'b5e47f4a_3265_43fa_953c_c8b26bdf8c5b_test_excel_for_program_items': [{'name': 'item_number', 'type': 'VARCHAR'}, {'name': 'buyer', 'type': 'VARCHAR'}, {'name': 'quantity', 'type': 'VARCHAR'}]
2025-01-30 09:53:54,683 - INFO - [SqlTool.py:103] - Schéma de la table 'b5e47f4a_3265_43fa_953c_c8b26bdf8c5b_test_excel_for_program_orders': [{'name': 'order_id', 'type': 'VARCHAR'}, {'name': 'product', 'type': 'VARCHAR'}, {'name': 'price', 'type': 'VARCHAR'}]
2025-01-30 09:53:54,683 - INFO - [SqlTool.py:103] - Schéma de la table 'b5e47f4a_3265_43fa_953c_c8b26bdf8c5b_test_excel_for_program_projects': [{'name': 'project', 'type': 'VARCHAR'}, {'name': 'description', 'type': 'VARCHAR'}, {'name': 'budget', 'type': 'VARCHAR'}]
2025-01-30 09:53:54,689 - INFO - [SqlTool.py:89] - Début de la récupération du schéma de la base de données.
2025-01-30 09:53:54,697 - INFO - [SqlTool.py:93] - Tables trouvées dans la base de données : [('b5e47f4a_3265_43fa_953c_c8b26bdf8c5b_test_excel_for_program_items',), ('b5e47f4a_3265_43fa_953c_c8b26bdf8c5b_test_excel_for_program_orders',), ('b5e47f4a_3265_43fa_953c_c8b26bdf8c5b_test_excel_for_program_projects',)]
2025-01-30 09:53:54,698 - INFO - [SqlTool.py:103] - Schéma de la table 'b5e47f4a_3265_43fa_953c_c8b26bdf8c5b_test_excel_for_program_items': [{'name': 'item_number', 'type': 'VARCHAR'}, {'name': 'buyer', 'type': 'VARCHAR'}, {'name': 'quantity', 'type': 'VARCHAR'}]
2025-01-30 09:53:54,698 - INFO - [SqlTool.py:103] - Schéma de la table 'b5e47f4a_3265_43fa_953c_c8b26bdf8c5b_test_excel_for_program_orders': [{'name': 'order_id', 'type': 'VARCHAR'}, {'name': 'product', 'type': 'VARCHAR'}, {'name': 'price', 'type': 'VARCHAR'}]
2025-01-30 09:53:54,699 - INFO - [SqlTool.py:103] - Schéma de la table 'b5e47f4a_3265_43fa_953c_c8b26bdf8c5b_test_excel_for_program_projects': [{'name': 'project', 'type': 'VARCHAR'}, {'name': 'description', 'type': 'VARCHAR'}, {'name': 'budget', 'type': 'VARCHAR'}]
2025-01-30 10:25:00,017 - INFO - [SqlTool.py:89] - Début de la récupération du schéma de la base de données.
2025-01-30 10:25:00,037 - INFO - [SqlTool.py:93] - Tables trouvées dans la base de données : [('b5e47f4a_3265_43fa_953c_c8b26bdf8c5b_test_excel_for_program_items',), ('b5e47f4a_3265_43fa_953c_c8b26bdf8c5b_test_excel_for_program_orders',), ('b5e47f4a_3265_43fa_953c_c8b26bdf8c5b_test_excel_for_program_projects',)]
2025-01-30 10:25:00,038 - INFO - [SqlTool.py:103] - Schéma de la table 'b5e47f4a_3265_43fa_953c_c8b26bdf8c5b_test_excel_for_program_items': [{'name': 'item_number', 'type': 'VARCHAR'}, {'name': 'buyer', 'type': 'VARCHAR'}, {'name': 'quantity', 'type': 'VARCHAR'}]
2025-01-30 10:25:00,039 - INFO - [SqlTool.py:103] - Schéma de la table 'b5e47f4a_3265_43fa_953c_c8b26bdf8c5b_test_excel_for_program_orders': [{'name': 'order_id', 'type': 'VARCHAR'}, {'name': 'product', 'type': 'VARCHAR'}, {'name': 'price', 'type': 'VARCHAR'}]
2025-01-30 10:25:00,039 - INFO - [SqlTool.py:103] - Schéma de la table 'b5e47f4a_3265_43fa_953c_c8b26bdf8c5b_test_excel_for_program_projects': [{'name': 'project', 'type': 'VARCHAR'}, {'name': 'description', 'type': 'VARCHAR'}, {'name': 'budget', 'type': 'VARCHAR'}]
2025-01-30 10:25:00,048 - INFO - [SqlTool.py:89] - Début de la récupération du schéma de la base de données.
2025-01-30 10:25:00,057 - INFO - [SqlTool.py:93] - Tables trouvées dans la base de données : [('b5e47f4a_3265_43fa_953c_c8b26bdf8c5b_test_excel_for_program_items',), ('b5e47f4a_3265_43fa_953c_c8b26bdf8c5b_test_excel_for_program_orders',), ('b5e47f4a_3265_43fa_953c_c8b26bdf8c5b_test_excel_for_program_projects',)]
2025-01-30 10:25:00,057 - INFO - [SqlTool.py:103] - Schéma de la table 'b5e47f4a_3265_43fa_953c_c8b26bdf8c5b_test_excel_for_program_items': [{'name': 'item_number', 'type': 'VARCHAR'}, {'name': 'buyer', 'type': 'VARCHAR'}, {'name': 'quantity', 'type': 'VARCHAR'}]
2025-01-30 10:25:00,058 - INFO - [SqlTool.py:103] - Schéma de la table 'b5e47f4a_3265_43fa_953c_c8b26bdf8c5b_test_excel_for_program_orders': [{'name': 'order_id', 'type': 'VARCHAR'}, {'name': 'product', 'type': 'VARCHAR'}, {'name': 'price', 'type': 'VARCHAR'}]
2025-01-30 10:25:00,058 - INFO - [SqlTool.py:103] - Schéma de la table 'b5e47f4a_3265_43fa_953c_c8b26bdf8c5b_test_excel_for_program_projects': [{'name': 'project', 'type': 'VARCHAR'}, {'name': 'description', 'type': 'VARCHAR'}, {'name': 'budget', 'type': 'VARCHAR'}]
2025-01-30 10:30:54,108 - INFO - [SqlTool.py:66] - Début de l'exécution de la requête SQL : SELECT * FROM b5e47f4a_3265_43fa_953c_c8b26bdf8c5b_test_excel_for_program_orders;
2025-01-30 10:30:54,137 - INFO - [SqlTool.py:69] - Connecté à la base de données : /app/db/my_database.duckdb
2025-01-30 10:30:54,140 - INFO - [SqlTool.py:75] - Résultats de la requête SQL : [{'order_id': '201', 'product': 'Laptop', 'price': '1500'}, {'order_id': '202', 'product': 'Keyboard', 'price': '50'}, {'order_id': '203', 'product': 'Mouse', 'price': '30'}]
2025-01-30 10:30:54,142 - INFO - [SqlTool.py:82] - Connexion à la base de données fermée.
2025-01-30 10:30:54,145 - INFO - [SqlTool.py:66] - Début de l'exécution de la requête SQL : SELECT * FROM b5e47f4a_3265_43fa_953c_c8b26bdf8c5b_test_excel_for_program_items;
2025-01-30 10:30:54,149 - INFO - [SqlTool.py:69] - Connecté à la base de données : /app/db/my_database.duckdb
2025-01-30 10:30:54,150 - INFO - [SqlTool.py:75] - Résultats de la requête SQL : [{'item_number': '101', 'buyer': 'Rogier', 'quantity': '5'}, {'item_number': '102', 'buyer': 'Jean', 'quantity': '10'}, {'item_number': '103', 'buyer': 'Marie', 'quantity': '15'}]
2025-01-30 10:30:54,151 - INFO - [SqlTool.py:82] - Connexion à la base de données fermée.
2025-01-30 10:30:54,154 - INFO - [SqlTool.py:66] - Début de l'exécution de la requête SQL : SELECT * FROM b5e47f4a_3265_43fa_953c_c8b26bdf8c5b_test_excel_for_program_projects;
2025-01-30 10:30:54,157 - INFO - [SqlTool.py:69] - Connecté à la base de données : /app/db/my_database.duckdb
2025-01-30 10:30:54,158 - INFO - [SqlTool.py:75] - Résultats de la requête SQL : [{'project': 'A', 'description': 'Development', 'budget': '10000'}, {'project': 'B', 'description': 'Marketing', 'budget': '5000'}, {'project': 'C', 'description': 'Sales', 'budget': '7000'}]
2025-01-30 10:30:54,159 - INFO - [SqlTool.py:82] - Connexion à la base de données fermée.
2025-01-30 11:10:16,446 - INFO - [SqlTool.py:89] - Début de la récupération du schéma de la base de données.
2025-01-30 11:10:16,458 - INFO - [SqlTool.py:93] - Tables trouvées dans la base de données : [('ai_g7_2019_fr_text',), ('ai_g7_2019_fr_text_content',), ('b5e47f4a_3265_43fa_953c_c8b26bdf8c5b_test_excel_for_program_items',), ('b5e47f4a_3265_43fa_953c_c8b26bdf8c5b_test_excel_for_program_orders',), ('b5e47f4a_3265_43fa_953c_c8b26bdf8c5b_test_excel_for_program_projects',), ('test_excel_for_program_items',), ('test_excel_for_program_orders',), ('test_excel_for_program_projects',)]
2025-01-30 11:10:16,460 - INFO - [SqlTool.py:103] - Schéma de la table 'ai_g7_2019_fr_text': [{'name': 'content', 'type': 'VARCHAR'}]
2025-01-30 11:10:16,461 - INFO - [SqlTool.py:103] - Schéma de la table 'ai_g7_2019_fr_text_content': [{'name': 'page', 'type': 'VARCHAR'}, {'name': 'content', 'type': 'VARCHAR'}]
2025-01-30 11:10:16,461 - INFO - [SqlTool.py:103] - Schéma de la table 'b5e47f4a_3265_43fa_953c_c8b26bdf8c5b_test_excel_for_program_items': [{'name': 'item_number', 'type': 'VARCHAR'}, {'name': 'buyer', 'type': 'VARCHAR'}, {'name': 'quantity', 'type': 'VARCHAR'}]
2025-01-30 11:10:16,462 - INFO - [SqlTool.py:103] - Schéma de la table 'b5e47f4a_3265_43fa_953c_c8b26bdf8c5b_test_excel_for_program_orders': [{'name': 'order_id', 'type': 'VARCHAR'}, {'name': 'product', 'type': 'VARCHAR'}, {'name': 'price', 'type': 'VARCHAR'}]
2025-01-30 11:10:16,462 - INFO - [SqlTool.py:103] - Schéma de la table 'b5e47f4a_3265_43fa_953c_c8b26bdf8c5b_test_excel_for_program_projects': [{'name': 'project', 'type': 'VARCHAR'}, {'name': 'description', 'type': 'VARCHAR'}, {'name': 'budget', 'type': 'VARCHAR'}]
2025-01-30 11:10:16,463 - INFO - [SqlTool.py:103] - Schéma de la table 'test_excel_for_program_items': [{'name': 'item_number', 'type': 'VARCHAR'}, {'name': 'buyer', 'type': 'VARCHAR'}, {'name': 'quantity', 'type': 'VARCHAR'}]
2025-01-30 11:10:16,464 - INFO - [SqlTool.py:103] - Schéma de la table 'test_excel_for_program_orders': [{'name': 'order_id', 'type': 'VARCHAR'}, {'name': 'product', 'type': 'VARCHAR'}, {'name': 'price', 'type': 'VARCHAR'}]
2025-01-30 11:10:16,464 - INFO - [SqlTool.py:103] - Schéma de la table 'test_excel_for_program_projects': [{'name': 'project', 'type': 'VARCHAR'}, {'name': 'description', 'type': 'VARCHAR'}, {'name': 'budget', 'type': 'VARCHAR'}]
2025-01-30 11:10:16,473 - INFO - [SqlTool.py:89] - Début de la récupération du schéma de la base de données.
2025-01-30 11:10:16,484 - INFO - [SqlTool.py:93] - Tables trouvées dans la base de données : [('ai_g7_2019_fr_text',), ('ai_g7_2019_fr_text_content',), ('b5e47f4a_3265_43fa_953c_c8b26bdf8c5b_test_excel_for_program_items',), ('b5e47f4a_3265_43fa_953c_c8b26bdf8c5b_test_excel_for_program_orders',), ('b5e47f4a_3265_43fa_953c_c8b26bdf8c5b_test_excel_for_program_projects',), ('test_excel_for_program_items',), ('test_excel_for_program_orders',), ('test_excel_for_program_projects',)]
2025-01-30 11:10:16,485 - INFO - [SqlTool.py:103] - Schéma de la table 'ai_g7_2019_fr_text': [{'name': 'content', 'type': 'VARCHAR'}]
2025-01-30 11:10:16,486 - INFO - [SqlTool.py:103] - Schéma de la table 'ai_g7_2019_fr_text_content': [{'name': 'page', 'type': 'VARCHAR'}, {'name': 'content', 'type': 'VARCHAR'}]
2025-01-30 11:10:16,486 - INFO - [SqlTool.py:103] - Schéma de la table 'b5e47f4a_3265_43fa_953c_c8b26bdf8c5b_test_excel_for_program_items': [{'name': 'item_number', 'type': 'VARCHAR'}, {'name': 'buyer', 'type': 'VARCHAR'}, {'name': 'quantity', 'type': 'VARCHAR'}]
2025-01-30 11:10:16,487 - INFO - [SqlTool.py:103] - Schéma de la table 'b5e47f4a_3265_43fa_953c_c8b26bdf8c5b_test_excel_for_program_orders': [{'name': 'order_id', 'type': 'VARCHAR'}, {'name': 'product', 'type': 'VARCHAR'}, {'name': 'price', 'type': 'VARCHAR'}]
2025-01-30 11:10:16,489 - INFO - [SqlTool.py:89] - Début de la récupération du schéma de la base de données.
2025-01-30 11:10:16,489 - INFO - [SqlTool.py:103] - Schéma de la table 'b5e47f4a_3265_43fa_953c_c8b26bdf8c5b_test_excel_for_program_projects': [{'name': 'project', 'type': 'VARCHAR'}, {'name': 'description', 'type': 'VARCHAR'}, {'name': 'budget', 'type': 'VARCHAR'}]
2025-01-30 11:10:16,490 - INFO - [SqlTool.py:103] - Schéma de la table 'test_excel_for_program_items': [{'name': 'item_number', 'type': 'VARCHAR'}, {'name': 'buyer', 'type': 'VARCHAR'}, {'name': 'quantity', 'type': 'VARCHAR'}]
2025-01-30 11:10:16,491 - INFO - [SqlTool.py:103] - Schéma de la table 'test_excel_for_program_orders': [{'name': 'order_id', 'type': 'VARCHAR'}, {'name': 'product', 'type': 'VARCHAR'}, {'name': 'price', 'type': 'VARCHAR'}]
2025-01-30 11:10:16,492 - INFO - [SqlTool.py:103] - Schéma de la table 'test_excel_for_program_projects': [{'name': 'project', 'type': 'VARCHAR'}, {'name': 'description', 'type': 'VARCHAR'}, {'name': 'budget', 'type': 'VARCHAR'}]
2025-01-30 11:10:16,495 - INFO - [SqlTool.py:93] - Tables trouvées dans la base de données : [('ai_g7_2019_fr_text',), ('ai_g7_2019_fr_text_content',), ('b5e47f4a_3265_43fa_953c_c8b26bdf8c5b_test_excel_for_program_items',), ('b5e47f4a_3265_43fa_953c_c8b26bdf8c5b_test_excel_for_program_orders',), ('b5e47f4a_3265_43fa_953c_c8b26bdf8c5b_test_excel_for_program_projects',), ('test_excel_for_program_items',), ('test_excel_for_program_orders',), ('test_excel_for_program_projects',)]
2025-01-30 11:10:16,495 - INFO - [SqlTool.py:103] - Schéma de la table 'ai_g7_2019_fr_text': [{'name': 'content', 'type': 'VARCHAR'}]
2025-01-30 11:10:16,497 - INFO - [SqlTool.py:103] - Schéma de la table 'ai_g7_2019_fr_text_content': [{'name': 'page', 'type': 'VARCHAR'}, {'name': 'content', 'type': 'VARCHAR'}]
2025-01-30 11:10:16,498 - INFO - [SqlTool.py:103] - Schéma de la table 'b5e47f4a_3265_43fa_953c_c8b26bdf8c5b_test_excel_for_program_items': [{'name': 'item_number', 'type': 'VARCHAR'}, {'name': 'buyer', 'type': 'VARCHAR'}, {'name': 'quantity', 'type': 'VARCHAR'}]
2025-01-30 11:10:16,498 - INFO - [SqlTool.py:103] - Schéma de la table 'b5e47f4a_3265_43fa_953c_c8b26bdf8c5b_test_excel_for_program_orders': [{'name': 'order_id', 'type': 'VARCHAR'}, {'name': 'product', 'type': 'VARCHAR'}, {'name': 'price', 'type': 'VARCHAR'}]
2025-01-30 11:10:16,499 - INFO - [SqlTool.py:103] - Schéma de la table 'b5e47f4a_3265_43fa_953c_c8b26bdf8c5b_test_excel_for_program_projects': [{'name': 'project', 'type': 'VARCHAR'}, {'name': 'description', 'type': 'VARCHAR'}, {'name': 'budget', 'type': 'VARCHAR'}]
2025-01-30 11:10:16,500 - INFO - [SqlTool.py:103] - Schéma de la table 'test_excel_for_program_items': [{'name': 'item_number', 'type': 'VARCHAR'}, {'name': 'buyer', 'type': 'VARCHAR'}, {'name': 'quantity', 'type': 'VARCHAR'}]
2025-01-30 11:10:16,500 - INFO - [SqlTool.py:103] - Schéma de la table 'test_excel_for_program_orders': [{'name': 'order_id', 'type': 'VARCHAR'}, {'name': 'product', 'type': 'VARCHAR'}, {'name': 'price', 'type': 'VARCHAR'}]
2025-01-30 11:10:16,500 - INFO - [SqlTool.py:103] - Schéma de la table 'test_excel_for_program_projects': [{'name': 'project', 'type': 'VARCHAR'}, {'name': 'description', 'type': 'VARCHAR'}, {'name': 'budget', 'type': 'VARCHAR'}]
2025-01-30 11:10:16,508 - INFO - [SqlTool.py:89] - Début de la récupération du schéma de la base de données.
2025-01-30 11:10:16,516 - INFO - [SqlTool.py:93] - Tables trouvées dans la base de données : [('ai_g7_2019_fr_text',), ('ai_g7_2019_fr_text_content',), ('b5e47f4a_3265_43fa_953c_c8b26bdf8c5b_test_excel_for_program_items',), ('b5e47f4a_3265_43fa_953c_c8b26bdf8c5b_test_excel_for_program_orders',), ('b5e47f4a_3265_43fa_953c_c8b26bdf8c5b_test_excel_for_program_projects',), ('test_excel_for_program_items',), ('test_excel_for_program_orders',), ('test_excel_for_program_projects',)]
2025-01-30 11:10:16,516 - INFO - [SqlTool.py:103] - Schéma de la table 'ai_g7_2019_fr_text': [{'name': 'content', 'type': 'VARCHAR'}]
2025-01-30 11:10:16,517 - INFO - [SqlTool.py:103] - Schéma de la table 'ai_g7_2019_fr_text_content': [{'name': 'page', 'type': 'VARCHAR'}, {'name': 'content', 'type': 'VARCHAR'}]
2025-01-30 11:10:16,517 - INFO - [SqlTool.py:103] - Schéma de la table 'b5e47f4a_3265_43fa_953c_c8b26bdf8c5b_test_excel_for_program_items': [{'name': 'item_number', 'type': 'VARCHAR'}, {'name': 'buyer', 'type': 'VARCHAR'}, {'name': 'quantity', 'type': 'VARCHAR'}]
2025-01-30 11:10:16,517 - INFO - [SqlTool.py:103] - Schéma de la table 'b5e47f4a_3265_43fa_953c_c8b26bdf8c5b_test_excel_for_program_orders': [{'name': 'order_id', 'type': 'VARCHAR'}, {'name': 'product', 'type': 'VARCHAR'}, {'name': 'price', 'type': 'VARCHAR'}]
2025-01-30 11:10:16,518 - INFO - [SqlTool.py:103] - Schéma de la table 'b5e47f4a_3265_43fa_953c_c8b26bdf8c5b_test_excel_for_program_projects': [{'name': 'project', 'type': 'VARCHAR'}, {'name': 'description', 'type': 'VARCHAR'}, {'name': 'budget', 'type': 'VARCHAR'}]
2025-01-30 11:10:16,518 - INFO - [SqlTool.py:103] - Schéma de la table 'test_excel_for_program_items': [{'name': 'item_number', 'type': 'VARCHAR'}, {'name': 'buyer', 'type': 'VARCHAR'}, {'name': 'quantity', 'type': 'VARCHAR'}]
2025-01-30 11:10:16,518 - INFO - [SqlTool.py:103] - Schéma de la table 'test_excel_for_program_orders': [{'name': 'order_id', 'type': 'VARCHAR'}, {'name': 'product', 'type': 'VARCHAR'}, {'name': 'price', 'type': 'VARCHAR'}]
2025-01-30 11:10:16,519 - INFO - [SqlTool.py:103] - Schéma de la table 'test_excel_for_program_projects': [{'name': 'project', 'type': 'VARCHAR'}, {'name': 'description', 'type': 'VARCHAR'}, {'name': 'budget', 'type': 'VARCHAR'}]
2025-01-30 11:14:26,873 - INFO - [SqlTool.py:89] - Début de la récupération du schéma de la base de données.
2025-01-30 11:14:26,887 - INFO - [SqlTool.py:93] - Tables trouvées dans la base de données : [('ai_g7_2019_fr_text',), ('ai_g7_2019_fr_text_content',), ('b5e47f4a_3265_43fa_953c_c8b26bdf8c5b_test_excel_for_program_items',), ('b5e47f4a_3265_43fa_953c_c8b26bdf8c5b_test_excel_for_program_orders',), ('b5e47f4a_3265_43fa_953c_c8b26bdf8c5b_test_excel_for_program_projects',), ('test_excel_for_program_items',), ('test_excel_for_program_orders',), ('test_excel_for_program_projects',)]
2025-01-30 11:14:26,889 - INFO - [SqlTool.py:103] - Schéma de la table 'ai_g7_2019_fr_text': [{'name': 'content', 'type': 'VARCHAR'}]
2025-01-30 11:14:26,890 - INFO - [SqlTool.py:103] - Schéma de la table 'ai_g7_2019_fr_text_content': [{'name': 'page', 'type': 'VARCHAR'}, {'name': 'content', 'type': 'VARCHAR'}]
2025-01-30 11:14:26,891 - INFO - [SqlTool.py:103] - Schéma de la table 'b5e47f4a_3265_43fa_953c_c8b26bdf8c5b_test_excel_for_program_items': [{'name': 'item_number', 'type': 'VARCHAR'}, {'name': 'buyer', 'type': 'VARCHAR'}, {'name': 'quantity', 'type': 'VARCHAR'}]
2025-01-30 11:14:26,891 - INFO - [SqlTool.py:103] - Schéma de la table 'b5e47f4a_3265_43fa_953c_c8b26bdf8c5b_test_excel_for_program_orders': [{'name': 'order_id', 'type': 'VARCHAR'}, {'name': 'product', 'type': 'VARCHAR'}, {'name': 'price', 'type': 'VARCHAR'}]
2025-01-30 11:14:26,892 - INFO - [SqlTool.py:103] - Schéma de la table 'b5e47f4a_3265_43fa_953c_c8b26bdf8c5b_test_excel_for_program_projects': [{'name': 'project', 'type': 'VARCHAR'}, {'name': 'description', 'type': 'VARCHAR'}, {'name': 'budget', 'type': 'VARCHAR'}]
2025-01-30 11:14:26,892 - INFO - [SqlTool.py:103] - Schéma de la table 'test_excel_for_program_items': [{'name': 'item_number', 'type': 'VARCHAR'}, {'name': 'buyer', 'type': 'VARCHAR'}, {'name': 'quantity', 'type': 'VARCHAR'}]
2025-01-30 11:14:26,893 - INFO - [SqlTool.py:103] - Schéma de la table 'test_excel_for_program_orders': [{'name': 'order_id', 'type': 'VARCHAR'}, {'name': 'product', 'type': 'VARCHAR'}, {'name': 'price', 'type': 'VARCHAR'}]
2025-01-30 11:14:26,894 - INFO - [SqlTool.py:103] - Schéma de la table 'test_excel_for_program_projects': [{'name': 'project', 'type': 'VARCHAR'}, {'name': 'description', 'type': 'VARCHAR'}, {'name': 'budget', 'type': 'VARCHAR'}]
2025-01-30 11:14:26,901 - INFO - [SqlTool.py:89] - Début de la récupération du schéma de la base de données.
2025-01-30 11:14:26,909 - INFO - [SqlTool.py:93] - Tables trouvées dans la base de données : [('ai_g7_2019_fr_text',), ('ai_g7_2019_fr_text_content',), ('b5e47f4a_3265_43fa_953c_c8b26bdf8c5b_test_excel_for_program_items',), ('b5e47f4a_3265_43fa_953c_c8b26bdf8c5b_test_excel_for_program_orders',), ('b5e47f4a_3265_43fa_953c_c8b26bdf8c5b_test_excel_for_program_projects',), ('test_excel_for_program_items',), ('test_excel_for_program_orders',), ('test_excel_for_program_projects',)]
2025-01-30 11:14:26,910 - INFO - [SqlTool.py:103] - Schéma de la table 'ai_g7_2019_fr_text': [{'name': 'content', 'type': 'VARCHAR'}]
2025-01-30 11:14:26,911 - INFO - [SqlTool.py:103] - Schéma de la table 'ai_g7_2019_fr_text_content': [{'name': 'page', 'type': 'VARCHAR'}, {'name': 'content', 'type': 'VARCHAR'}]
2025-01-30 11:14:26,911 - INFO - [SqlTool.py:103] - Schéma de la table 'b5e47f4a_3265_43fa_953c_c8b26bdf8c5b_test_excel_for_program_items': [{'name': 'item_number', 'type': 'VARCHAR'}, {'name': 'buyer', 'type': 'VARCHAR'}, {'name': 'quantity', 'type': 'VARCHAR'}]
2025-01-30 11:14:26,912 - INFO - [SqlTool.py:103] - Schéma de la table 'b5e47f4a_3265_43fa_953c_c8b26bdf8c5b_test_excel_for_program_orders': [{'name': 'order_id', 'type': 'VARCHAR'}, {'name': 'product', 'type': 'VARCHAR'}, {'name': 'price', 'type': 'VARCHAR'}]
2025-01-30 11:14:26,912 - INFO - [SqlTool.py:103] - Schéma de la table 'b5e47f4a_3265_43fa_953c_c8b26bdf8c5b_test_excel_for_program_projects': [{'name': 'project', 'type': 'VARCHAR'}, {'name': 'description', 'type': 'VARCHAR'}, {'name': 'budget', 'type': 'VARCHAR'}]
2025-01-30 11:14:26,913 - INFO - [SqlTool.py:103] - Schéma de la table 'test_excel_for_program_items': [{'name': 'item_number', 'type': 'VARCHAR'}, {'name': 'buyer', 'type': 'VARCHAR'}, {'name': 'quantity', 'type': 'VARCHAR'}]
2025-01-30 11:14:26,914 - INFO - [SqlTool.py:103] - Schéma de la table 'test_excel_for_program_orders': [{'name': 'order_id', 'type': 'VARCHAR'}, {'name': 'product', 'type': 'VARCHAR'}, {'name': 'price', 'type': 'VARCHAR'}]
2025-01-30 11:14:26,914 - INFO - [SqlTool.py:103] - Schéma de la table 'test_excel_for_program_projects': [{'name': 'project', 'type': 'VARCHAR'}, {'name': 'description', 'type': 'VARCHAR'}, {'name': 'budget', 'type': 'VARCHAR'}]
2025-01-30 12:24:52,683 - INFO - [SqlTool.py:89] - Début de la récupération du schéma de la base de données.
2025-01-30 12:24:52,694 - INFO - [SqlTool.py:93] - Tables trouvées dans la base de données : []
2025-01-30 12:32:58,192 - INFO - [SqlTool.py:89] - Début de la récupération du schéma de la base de données.
2025-01-30 12:32:58,201 - INFO - [SqlTool.py:93] - Tables trouvées dans la base de données : []
2025-01-30 12:39:16,063 - INFO - [SqlTool.py:89] - Début de la récupération du schéma de la base de données.
2025-01-30 12:39:16,075 - INFO - [SqlTool.py:93] - Tables trouvées dans la base de données : [('test_excel_for_program_items',), ('test_excel_for_program_orders',), ('test_excel_for_program_projects',)]
2025-01-30 12:39:16,077 - INFO - [SqlTool.py:103] - Schéma de la table 'test_excel_for_program_items': [{'name': 'item_number', 'type': 'VARCHAR'}, {'name': 'buyer', 'type': 'VARCHAR'}, {'name': 'quantity', 'type': 'VARCHAR'}]
2025-01-30 12:39:16,078 - INFO - [SqlTool.py:103] - Schéma de la table 'test_excel_for_program_orders': [{'name': 'order_id', 'type': 'VARCHAR'}, {'name': 'product', 'type': 'VARCHAR'}, {'name': 'price', 'type': 'VARCHAR'}]
2025-01-30 12:39:16,079 - INFO - [SqlTool.py:103] - Schéma de la table 'test_excel_for_program_projects': [{'name': 'project', 'type': 'VARCHAR'}, {'name': 'description', 'type': 'VARCHAR'}, {'name': 'budget', 'type': 'VARCHAR'}]
2025-01-30 12:57:02,412 - INFO - [SqlTool.py:89] - Début de la récupération du schéma de la base de données.
2025-01-30 12:57:02,423 - INFO - [SqlTool.py:93] - Tables trouvées dans la base de données : [('ai_g7_2019_fr_text',), ('ai_g7_2019_fr_text_content',)]
2025-01-30 12:57:02,424 - INFO - [SqlTool.py:103] - Schéma de la table 'ai_g7_2019_fr_text': [{'name': 'content', 'type': 'VARCHAR'}]
2025-01-30 12:57:02,424 - INFO - [SqlTool.py:103] - Schéma de la table 'ai_g7_2019_fr_text_content': [{'name': 'page', 'type': 'VARCHAR'}, {'name': 'content', 'type': 'VARCHAR'}]
2025-01-30 13:10:27,608 - INFO - [SqlTool.py:89] - Début de la récupération du schéma de la base de données.
2025-01-30 13:10:27,619 - INFO - [SqlTool.py:93] - Tables trouvées dans la base de données : [('ai_g7_2019_fr_text',), ('ai_g7_2019_fr_text_content',)]
2025-01-30 13:10:27,620 - INFO - [SqlTool.py:103] - Schéma de la table 'ai_g7_2019_fr_text': [{'name': 'content', 'type': 'VARCHAR'}]
2025-01-30 13:10:27,621 - INFO - [SqlTool.py:103] - Schéma de la table 'ai_g7_2019_fr_text_content': [{'name': 'page', 'type': 'VARCHAR'}, {'name': 'content', 'type': 'VARCHAR'}]
2025-01-30 13:11:37,731 - INFO - [SqlTool.py:89] - Début de la récupération du schéma de la base de données.
2025-01-30 13:11:37,746 - INFO - [SqlTool.py:93] - Tables trouvées dans la base de données : [('ai_g7_2019_fr_text',), ('ai_g7_2019_fr_text_content',), ('test_excel_for_program_items',), ('test_excel_for_program_orders',), ('test_excel_for_program_projects',)]
2025-01-30 13:11:37,747 - INFO - [SqlTool.py:103] - Schéma de la table 'ai_g7_2019_fr_text': [{'name': 'content', 'type': 'VARCHAR'}]
2025-01-30 13:11:37,748 - INFO - [SqlTool.py:103] - Schéma de la table 'ai_g7_2019_fr_text_content': [{'name': 'page', 'type': 'VARCHAR'}, {'name': 'content', 'type': 'VARCHAR'}]
2025-01-30 13:11:37,748 - INFO - [SqlTool.py:103] - Schéma de la table 'test_excel_for_program_items': [{'name': 'item_number', 'type': 'VARCHAR'}, {'name': 'buyer', 'type': 'VARCHAR'}, {'name': 'quantity', 'type': 'VARCHAR'}]
2025-01-30 13:11:37,749 - INFO - [SqlTool.py:103] - Schéma de la table 'test_excel_for_program_orders': [{'name': 'order_id', 'type': 'VARCHAR'}, {'name': 'product', 'type': 'VARCHAR'}, {'name': 'price', 'type': 'VARCHAR'}]
2025-01-30 13:11:37,749 - INFO - [SqlTool.py:103] - Schéma de la table 'test_excel_for_program_projects': [{'name': 'project', 'type': 'VARCHAR'}, {'name': 'description', 'type': 'VARCHAR'}, {'name': 'budget', 'type': 'VARCHAR'}]
2025-01-30 13:13:30,367 - INFO - [SqlTool.py:89] - Début de la récupération du schéma de la base de données.
2025-01-30 13:13:30,390 - INFO - [SqlTool.py:93] - Tables trouvées dans la base de données : [('ai_g7_2019_fr_text',), ('ai_g7_2019_fr_text_content',), ('test_excel_for_program_items',), ('test_excel_for_program_orders',), ('test_excel_for_program_projects',)]
2025-01-30 13:13:30,391 - INFO - [SqlTool.py:103] - Schéma de la table 'ai_g7_2019_fr_text': [{'name': 'content', 'type': 'VARCHAR'}]
2025-01-30 13:13:30,391 - INFO - [SqlTool.py:103] - Schéma de la table 'ai_g7_2019_fr_text_content': [{'name': 'page', 'type': 'VARCHAR'}, {'name': 'content', 'type': 'VARCHAR'}]
2025-01-30 13:13:30,392 - INFO - [SqlTool.py:103] - Schéma de la table 'test_excel_for_program_items': [{'name': 'item_number', 'type': 'VARCHAR'}, {'name': 'buyer', 'type': 'VARCHAR'}, {'name': 'quantity', 'type': 'VARCHAR'}]
2025-01-30 13:13:30,392 - INFO - [SqlTool.py:103] - Schéma de la table 'test_excel_for_program_orders': [{'name': 'order_id', 'type': 'VARCHAR'}, {'name': 'product', 'type': 'VARCHAR'}, {'name': 'price', 'type': 'VARCHAR'}]
2025-01-30 13:13:30,393 - INFO - [SqlTool.py:103] - Schéma de la table 'test_excel_for_program_projects': [{'name': 'project', 'type': 'VARCHAR'}, {'name': 'description', 'type': 'VARCHAR'}, {'name': 'budget', 'type': 'VARCHAR'}]
